<?xml version="1.0" encoding="UTF-8"?>
<testsuites name="jest tests" tests="784" failures="108" errors="0" time="3.844">
  <testsuite name="API Validation System Tests" errors="0" failures="2" skipped="0" timestamp="2025-06-15T22:06:12" time="0.65" tests="29">
    <testcase classname="API Validation System Tests Base Schema Validation should validate UUID format" name="API Validation System Tests Base Schema Validation should validate UUID format" time="0.02">
    </testcase>
    <testcase classname="API Validation System Tests Base Schema Validation should validate email format" name="API Validation System Tests Base Schema Validation should validate email format" time="0.004">
    </testcase>
    <testcase classname="API Validation System Tests Base Schema Validation should validate stock symbol format" name="API Validation System Tests Base Schema Validation should validate stock symbol format" time="0.002">
    </testcase>
    <testcase classname="API Validation System Tests Base Schema Validation should validate timeframe enum" name="API Validation System Tests Base Schema Validation should validate timeframe enum" time="0.004">
    </testcase>
    <testcase classname="API Validation System Tests Base Schema Validation should validate positive numbers" name="API Validation System Tests Base Schema Validation should validate positive numbers" time="0.004">
    </testcase>
    <testcase classname="API Validation System Tests Base Schema Validation should validate non-empty strings" name="API Validation System Tests Base Schema Validation should validate non-empty strings" time="0.001">
    </testcase>
    <testcase classname="API Validation System Tests Chat Schema Validation should validate chat message schema" name="API Validation System Tests Chat Schema Validation should validate chat message schema" time="0.002">
    </testcase>
    <testcase classname="API Validation System Tests Chat Schema Validation should validate message length limits" name="API Validation System Tests Chat Schema Validation should validate message length limits" time="0.001">
    </testcase>
    <testcase classname="API Validation System Tests Market Schema Validation should validate quote request schema" name="API Validation System Tests Market Schema Validation should validate quote request schema" time="0.001">
    </testcase>
    <testcase classname="API Validation System Tests Market Schema Validation should validate bulk quotes schema" name="API Validation System Tests Market Schema Validation should validate bulk quotes schema" time="0.003">
    </testcase>
    <testcase classname="API Validation System Tests Alert Schema Validation should validate create alert schema" name="API Validation System Tests Alert Schema Validation should validate create alert schema" time="0">
    </testcase>
    <testcase classname="API Validation System Tests Alert Schema Validation should validate alert conditions" name="API Validation System Tests Alert Schema Validation should validate alert conditions" time="0.004">
    </testcase>
    <testcase classname="API Validation System Tests Authentication Schema Validation should validate login schema" name="API Validation System Tests Authentication Schema Validation should validate login schema" time="0">
    </testcase>
    <testcase classname="API Validation System Tests Authentication Schema Validation should validate registration schema with password confirmation" name="API Validation System Tests Authentication Schema Validation should validate registration schema with password confirmation" time="0.001">
    </testcase>
    <testcase classname="API Validation System Tests Authentication Schema Validation should validate password complexity requirements" name="API Validation System Tests Authentication Schema Validation should validate password complexity requirements" time="0.001">
    </testcase>
    <testcase classname="API Validation System Tests Notification Schema Validation should validate notification creation schema" name="API Validation System Tests Notification Schema Validation should validate notification creation schema" time="0">
    </testcase>
    <testcase classname="API Validation System Tests Notification Schema Validation should validate notification types and priorities" name="API Validation System Tests Notification Schema Validation should validate notification types and priorities" time="0.005">
    </testcase>
    <testcase classname="API Validation System Tests Validation Utilities should implement validateData function" name="API Validation System Tests Validation Utilities should implement validateData function" time="0.001">
    </testcase>
    <testcase classname="API Validation System Tests Validation Utilities should implement createValidationMiddleware function" name="API Validation System Tests Validation Utilities should implement createValidationMiddleware function" time="0">
    </testcase>
    <testcase classname="API Validation System Tests Sanitization Utilities should sanitize HTML content" name="API Validation System Tests Sanitization Utilities should sanitize HTML content" time="0.001">
    </testcase>
    <testcase classname="API Validation System Tests Sanitization Utilities should sanitize SQL content" name="API Validation System Tests Sanitization Utilities should sanitize SQL content" time="0">
      <failure>Error: expect(received).not.toContain(expected) // indexOf

Expected substring: not &quot;DROP TABLE&quot;
Received string:        &quot;&apos;&apos; DROP TABLE users &quot;
    at Object.toContain (/Users/rafaelfontes/Desktop/penny-wise/__tests__/unit/utils/api-validation.test.ts:664:29)
    at Promise.then.completed (/Users/rafaelfontes/Desktop/penny-wise/node_modules/jest-circus/build/utils.js:298:28)
    at new Promise (&lt;anonymous&gt;)
    at callAsyncCircusFn (/Users/rafaelfontes/Desktop/penny-wise/node_modules/jest-circus/build/utils.js:231:10)
    at _callCircusTest (/Users/rafaelfontes/Desktop/penny-wise/node_modules/jest-circus/build/run.js:316:40)
    at processTicksAndRejections (node:internal/process/task_queues:105:5)
    at _runTest (/Users/rafaelfontes/Desktop/penny-wise/node_modules/jest-circus/build/run.js:252:3)
    at _runTestsForDescribeBlock (/Users/rafaelfontes/Desktop/penny-wise/node_modules/jest-circus/build/run.js:126:9)
    at _runTestsForDescribeBlock (/Users/rafaelfontes/Desktop/penny-wise/node_modules/jest-circus/build/run.js:121:9)
    at _runTestsForDescribeBlock (/Users/rafaelfontes/Desktop/penny-wise/node_modules/jest-circus/build/run.js:121:9)
    at run (/Users/rafaelfontes/Desktop/penny-wise/node_modules/jest-circus/build/run.js:71:3)
    at runAndTransformResultsToJestFormat (/Users/rafaelfontes/Desktop/penny-wise/node_modules/jest-circus/build/legacy-code-todo-rewrite/jestAdapterInit.js:122:21)
    at jestAdapter (/Users/rafaelfontes/Desktop/penny-wise/node_modules/jest-circus/build/legacy-code-todo-rewrite/jestAdapter.js:79:19)
    at runTestInternal (/Users/rafaelfontes/Desktop/penny-wise/node_modules/jest-runner/build/runTest.js:367:16)
    at runTest (/Users/rafaelfontes/Desktop/penny-wise/node_modules/jest-runner/build/runTest.js:444:34)
    at Object.worker (/Users/rafaelfontes/Desktop/penny-wise/node_modules/jest-runner/build/testWorker.js:106:12)</failure>
    </testcase>
    <testcase classname="API Validation System Tests Sanitization Utilities should sanitize log messages" name="API Validation System Tests Sanitization Utilities should sanitize log messages" time="0.001">
    </testcase>
    <testcase classname="API Validation System Tests Sanitization Utilities should sanitize file names" name="API Validation System Tests Sanitization Utilities should sanitize file names" time="0">
    </testcase>
    <testcase classname="API Validation System Tests Complex Validation Scenarios should validate nested object schemas" name="API Validation System Tests Complex Validation Scenarios should validate nested object schemas" time="0">
    </testcase>
    <testcase classname="API Validation System Tests Complex Validation Scenarios should validate array schemas with constraints" name="API Validation System Tests Complex Validation Scenarios should validate array schemas with constraints" time="0.001">
    </testcase>
    <testcase classname="API Validation System Tests Complex Validation Scenarios should validate conditional schemas" name="API Validation System Tests Complex Validation Scenarios should validate conditional schemas" time="0">
    </testcase>
    <testcase classname="API Validation System Tests Error Handling should handle validation errors gracefully" name="API Validation System Tests Error Handling should handle validation errors gracefully" time="0.001">
    </testcase>
    <testcase classname="API Validation System Tests Error Handling should provide detailed error messages" name="API Validation System Tests Error Handling should provide detailed error messages" time="0.001">
    </testcase>
    <testcase classname="API Validation System Tests Error Handling should handle unknown validation errors" name="API Validation System Tests Error Handling should handle unknown validation errors" time="0">
      <failure>Error: Unknown validation error
    at /Users/rafaelfontes/Desktop/penny-wise/__tests__/unit/utils/api-validation.test.ts:855:15
    at /Users/rafaelfontes/Desktop/penny-wise/node_modules/@jest/environment-jsdom-abstract/node_modules/jest-mock/build/index.js:305:39
    at /Users/rafaelfontes/Desktop/penny-wise/node_modules/@jest/environment-jsdom-abstract/node_modules/jest-mock/build/index.js:312:13
    at mockConstructor (/Users/rafaelfontes/Desktop/penny-wise/node_modules/@jest/environment-jsdom-abstract/node_modules/jest-mock/build/index.js:102:19)
    at Object.mockValidateData (/Users/rafaelfontes/Desktop/penny-wise/__tests__/unit/utils/api-validation.test.ts:858:22)
    at Promise.then.completed (/Users/rafaelfontes/Desktop/penny-wise/node_modules/jest-circus/build/utils.js:298:28)
    at new Promise (&lt;anonymous&gt;)
    at callAsyncCircusFn (/Users/rafaelfontes/Desktop/penny-wise/node_modules/jest-circus/build/utils.js:231:10)
    at _callCircusTest (/Users/rafaelfontes/Desktop/penny-wise/node_modules/jest-circus/build/run.js:316:40)
    at processTicksAndRejections (node:internal/process/task_queues:105:5)
    at _runTest (/Users/rafaelfontes/Desktop/penny-wise/node_modules/jest-circus/build/run.js:252:3)
    at _runTestsForDescribeBlock (/Users/rafaelfontes/Desktop/penny-wise/node_modules/jest-circus/build/run.js:126:9)
    at _runTestsForDescribeBlock (/Users/rafaelfontes/Desktop/penny-wise/node_modules/jest-circus/build/run.js:121:9)
    at _runTestsForDescribeBlock (/Users/rafaelfontes/Desktop/penny-wise/node_modules/jest-circus/build/run.js:121:9)
    at run (/Users/rafaelfontes/Desktop/penny-wise/node_modules/jest-circus/build/run.js:71:3)
    at runAndTransformResultsToJestFormat (/Users/rafaelfontes/Desktop/penny-wise/node_modules/jest-circus/build/legacy-code-todo-rewrite/jestAdapterInit.js:122:21)
    at jestAdapter (/Users/rafaelfontes/Desktop/penny-wise/node_modules/jest-circus/build/legacy-code-todo-rewrite/jestAdapter.js:79:19)
    at runTestInternal (/Users/rafaelfontes/Desktop/penny-wise/node_modules/jest-runner/build/runTest.js:367:16)
    at runTest (/Users/rafaelfontes/Desktop/penny-wise/node_modules/jest-runner/build/runTest.js:444:34)
    at Object.worker (/Users/rafaelfontes/Desktop/penny-wise/node_modules/jest-runner/build/testWorker.js:106:12)</failure>
    </testcase>
  </testsuite>
  <testsuite name="MarketDataService" errors="0" failures="23" skipped="0" timestamp="2025-06-15T22:06:12" time="0.664" tests="23">
    <testcase classname="MarketDataService getQuote should return cached quote if available and fresh" name="MarketDataService getQuote should return cached quote if available and fresh" time="0.003">
      <failure>TypeError: _client.createClient.mockReturnValue is not a function
    at Object.mockReturnValue (/Users/rafaelfontes/Desktop/penny-wise/__tests__/unit/services/market-data-service.test.ts:75:33)
    at Promise.then.completed (/Users/rafaelfontes/Desktop/penny-wise/node_modules/jest-circus/build/utils.js:298:28)
    at new Promise (&lt;anonymous&gt;)
    at callAsyncCircusFn (/Users/rafaelfontes/Desktop/penny-wise/node_modules/jest-circus/build/utils.js:231:10)
    at _callCircusHook (/Users/rafaelfontes/Desktop/penny-wise/node_modules/jest-circus/build/run.js:281:40)
    at processTicksAndRejections (node:internal/process/task_queues:105:5)
    at _runTest (/Users/rafaelfontes/Desktop/penny-wise/node_modules/jest-circus/build/run.js:246:5)
    at _runTestsForDescribeBlock (/Users/rafaelfontes/Desktop/penny-wise/node_modules/jest-circus/build/run.js:126:9)
    at _runTestsForDescribeBlock (/Users/rafaelfontes/Desktop/penny-wise/node_modules/jest-circus/build/run.js:121:9)
    at _runTestsForDescribeBlock (/Users/rafaelfontes/Desktop/penny-wise/node_modules/jest-circus/build/run.js:121:9)
    at run (/Users/rafaelfontes/Desktop/penny-wise/node_modules/jest-circus/build/run.js:71:3)
    at runAndTransformResultsToJestFormat (/Users/rafaelfontes/Desktop/penny-wise/node_modules/jest-circus/build/legacy-code-todo-rewrite/jestAdapterInit.js:122:21)
    at jestAdapter (/Users/rafaelfontes/Desktop/penny-wise/node_modules/jest-circus/build/legacy-code-todo-rewrite/jestAdapter.js:79:19)
    at runTestInternal (/Users/rafaelfontes/Desktop/penny-wise/node_modules/jest-runner/build/runTest.js:367:16)
    at runTest (/Users/rafaelfontes/Desktop/penny-wise/node_modules/jest-runner/build/runTest.js:444:34)
    at Object.worker (/Users/rafaelfontes/Desktop/penny-wise/node_modules/jest-runner/build/testWorker.js:106:12)</failure>
    </testcase>
    <testcase classname="MarketDataService getQuote should fetch fresh data when cache is stale" name="MarketDataService getQuote should fetch fresh data when cache is stale" time="0.001">
      <failure>TypeError: _client.createClient.mockReturnValue is not a function
    at Object.mockReturnValue (/Users/rafaelfontes/Desktop/penny-wise/__tests__/unit/services/market-data-service.test.ts:75:33)
    at Promise.then.completed (/Users/rafaelfontes/Desktop/penny-wise/node_modules/jest-circus/build/utils.js:298:28)
    at new Promise (&lt;anonymous&gt;)
    at callAsyncCircusFn (/Users/rafaelfontes/Desktop/penny-wise/node_modules/jest-circus/build/utils.js:231:10)
    at _callCircusHook (/Users/rafaelfontes/Desktop/penny-wise/node_modules/jest-circus/build/run.js:281:40)
    at processTicksAndRejections (node:internal/process/task_queues:105:5)
    at _runTest (/Users/rafaelfontes/Desktop/penny-wise/node_modules/jest-circus/build/run.js:246:5)
    at _runTestsForDescribeBlock (/Users/rafaelfontes/Desktop/penny-wise/node_modules/jest-circus/build/run.js:126:9)
    at _runTestsForDescribeBlock (/Users/rafaelfontes/Desktop/penny-wise/node_modules/jest-circus/build/run.js:121:9)
    at _runTestsForDescribeBlock (/Users/rafaelfontes/Desktop/penny-wise/node_modules/jest-circus/build/run.js:121:9)
    at run (/Users/rafaelfontes/Desktop/penny-wise/node_modules/jest-circus/build/run.js:71:3)
    at runAndTransformResultsToJestFormat (/Users/rafaelfontes/Desktop/penny-wise/node_modules/jest-circus/build/legacy-code-todo-rewrite/jestAdapterInit.js:122:21)
    at jestAdapter (/Users/rafaelfontes/Desktop/penny-wise/node_modules/jest-circus/build/legacy-code-todo-rewrite/jestAdapter.js:79:19)
    at runTestInternal (/Users/rafaelfontes/Desktop/penny-wise/node_modules/jest-runner/build/runTest.js:367:16)
    at runTest (/Users/rafaelfontes/Desktop/penny-wise/node_modules/jest-runner/build/runTest.js:444:34)
    at Object.worker (/Users/rafaelfontes/Desktop/penny-wise/node_modules/jest-runner/build/testWorker.js:106:12)</failure>
    </testcase>
    <testcase classname="MarketDataService getQuote should fallback to Alpha Vantage when primary API fails" name="MarketDataService getQuote should fallback to Alpha Vantage when primary API fails" time="0">
      <failure>TypeError: _client.createClient.mockReturnValue is not a function
    at Object.mockReturnValue (/Users/rafaelfontes/Desktop/penny-wise/__tests__/unit/services/market-data-service.test.ts:75:33)
    at Promise.then.completed (/Users/rafaelfontes/Desktop/penny-wise/node_modules/jest-circus/build/utils.js:298:28)
    at new Promise (&lt;anonymous&gt;)
    at callAsyncCircusFn (/Users/rafaelfontes/Desktop/penny-wise/node_modules/jest-circus/build/utils.js:231:10)
    at _callCircusHook (/Users/rafaelfontes/Desktop/penny-wise/node_modules/jest-circus/build/run.js:281:40)
    at processTicksAndRejections (node:internal/process/task_queues:105:5)
    at _runTest (/Users/rafaelfontes/Desktop/penny-wise/node_modules/jest-circus/build/run.js:246:5)
    at _runTestsForDescribeBlock (/Users/rafaelfontes/Desktop/penny-wise/node_modules/jest-circus/build/run.js:126:9)
    at _runTestsForDescribeBlock (/Users/rafaelfontes/Desktop/penny-wise/node_modules/jest-circus/build/run.js:121:9)
    at _runTestsForDescribeBlock (/Users/rafaelfontes/Desktop/penny-wise/node_modules/jest-circus/build/run.js:121:9)
    at run (/Users/rafaelfontes/Desktop/penny-wise/node_modules/jest-circus/build/run.js:71:3)
    at runAndTransformResultsToJestFormat (/Users/rafaelfontes/Desktop/penny-wise/node_modules/jest-circus/build/legacy-code-todo-rewrite/jestAdapterInit.js:122:21)
    at jestAdapter (/Users/rafaelfontes/Desktop/penny-wise/node_modules/jest-circus/build/legacy-code-todo-rewrite/jestAdapter.js:79:19)
    at runTestInternal (/Users/rafaelfontes/Desktop/penny-wise/node_modules/jest-runner/build/runTest.js:367:16)
    at runTest (/Users/rafaelfontes/Desktop/penny-wise/node_modules/jest-runner/build/runTest.js:444:34)
    at Object.worker (/Users/rafaelfontes/Desktop/penny-wise/node_modules/jest-runner/build/testWorker.js:106:12)</failure>
    </testcase>
    <testcase classname="MarketDataService getQuote should handle multiple API failures gracefully" name="MarketDataService getQuote should handle multiple API failures gracefully" time="0">
      <failure>TypeError: _client.createClient.mockReturnValue is not a function
    at Object.mockReturnValue (/Users/rafaelfontes/Desktop/penny-wise/__tests__/unit/services/market-data-service.test.ts:75:33)
    at Promise.then.completed (/Users/rafaelfontes/Desktop/penny-wise/node_modules/jest-circus/build/utils.js:298:28)
    at new Promise (&lt;anonymous&gt;)
    at callAsyncCircusFn (/Users/rafaelfontes/Desktop/penny-wise/node_modules/jest-circus/build/utils.js:231:10)
    at _callCircusHook (/Users/rafaelfontes/Desktop/penny-wise/node_modules/jest-circus/build/run.js:281:40)
    at processTicksAndRejections (node:internal/process/task_queues:105:5)
    at _runTest (/Users/rafaelfontes/Desktop/penny-wise/node_modules/jest-circus/build/run.js:246:5)
    at _runTestsForDescribeBlock (/Users/rafaelfontes/Desktop/penny-wise/node_modules/jest-circus/build/run.js:126:9)
    at _runTestsForDescribeBlock (/Users/rafaelfontes/Desktop/penny-wise/node_modules/jest-circus/build/run.js:121:9)
    at _runTestsForDescribeBlock (/Users/rafaelfontes/Desktop/penny-wise/node_modules/jest-circus/build/run.js:121:9)
    at run (/Users/rafaelfontes/Desktop/penny-wise/node_modules/jest-circus/build/run.js:71:3)
    at runAndTransformResultsToJestFormat (/Users/rafaelfontes/Desktop/penny-wise/node_modules/jest-circus/build/legacy-code-todo-rewrite/jestAdapterInit.js:122:21)
    at jestAdapter (/Users/rafaelfontes/Desktop/penny-wise/node_modules/jest-circus/build/legacy-code-todo-rewrite/jestAdapter.js:79:19)
    at runTestInternal (/Users/rafaelfontes/Desktop/penny-wise/node_modules/jest-runner/build/runTest.js:367:16)
    at runTest (/Users/rafaelfontes/Desktop/penny-wise/node_modules/jest-runner/build/runTest.js:444:34)
    at Object.worker (/Users/rafaelfontes/Desktop/penny-wise/node_modules/jest-runner/build/testWorker.js:106:12)</failure>
    </testcase>
    <testcase classname="MarketDataService getQuote should validate symbol format" name="MarketDataService getQuote should validate symbol format" time="0">
      <failure>TypeError: _client.createClient.mockReturnValue is not a function
    at Object.mockReturnValue (/Users/rafaelfontes/Desktop/penny-wise/__tests__/unit/services/market-data-service.test.ts:75:33)
    at Promise.then.completed (/Users/rafaelfontes/Desktop/penny-wise/node_modules/jest-circus/build/utils.js:298:28)
    at new Promise (&lt;anonymous&gt;)
    at callAsyncCircusFn (/Users/rafaelfontes/Desktop/penny-wise/node_modules/jest-circus/build/utils.js:231:10)
    at _callCircusHook (/Users/rafaelfontes/Desktop/penny-wise/node_modules/jest-circus/build/run.js:281:40)
    at processTicksAndRejections (node:internal/process/task_queues:105:5)
    at _runTest (/Users/rafaelfontes/Desktop/penny-wise/node_modules/jest-circus/build/run.js:246:5)
    at _runTestsForDescribeBlock (/Users/rafaelfontes/Desktop/penny-wise/node_modules/jest-circus/build/run.js:126:9)
    at _runTestsForDescribeBlock (/Users/rafaelfontes/Desktop/penny-wise/node_modules/jest-circus/build/run.js:121:9)
    at _runTestsForDescribeBlock (/Users/rafaelfontes/Desktop/penny-wise/node_modules/jest-circus/build/run.js:121:9)
    at run (/Users/rafaelfontes/Desktop/penny-wise/node_modules/jest-circus/build/run.js:71:3)
    at runAndTransformResultsToJestFormat (/Users/rafaelfontes/Desktop/penny-wise/node_modules/jest-circus/build/legacy-code-todo-rewrite/jestAdapterInit.js:122:21)
    at jestAdapter (/Users/rafaelfontes/Desktop/penny-wise/node_modules/jest-circus/build/legacy-code-todo-rewrite/jestAdapter.js:79:19)
    at runTestInternal (/Users/rafaelfontes/Desktop/penny-wise/node_modules/jest-runner/build/runTest.js:367:16)
    at runTest (/Users/rafaelfontes/Desktop/penny-wise/node_modules/jest-runner/build/runTest.js:444:34)
    at Object.worker (/Users/rafaelfontes/Desktop/penny-wise/node_modules/jest-runner/build/testWorker.js:106:12)</failure>
    </testcase>
    <testcase classname="MarketDataService getBulkQuotes should fetch multiple quotes efficiently" name="MarketDataService getBulkQuotes should fetch multiple quotes efficiently" time="0">
      <failure>TypeError: _client.createClient.mockReturnValue is not a function
    at Object.mockReturnValue (/Users/rafaelfontes/Desktop/penny-wise/__tests__/unit/services/market-data-service.test.ts:75:33)
    at Promise.then.completed (/Users/rafaelfontes/Desktop/penny-wise/node_modules/jest-circus/build/utils.js:298:28)
    at new Promise (&lt;anonymous&gt;)
    at callAsyncCircusFn (/Users/rafaelfontes/Desktop/penny-wise/node_modules/jest-circus/build/utils.js:231:10)
    at _callCircusHook (/Users/rafaelfontes/Desktop/penny-wise/node_modules/jest-circus/build/run.js:281:40)
    at processTicksAndRejections (node:internal/process/task_queues:105:5)
    at _runTest (/Users/rafaelfontes/Desktop/penny-wise/node_modules/jest-circus/build/run.js:246:5)
    at _runTestsForDescribeBlock (/Users/rafaelfontes/Desktop/penny-wise/node_modules/jest-circus/build/run.js:126:9)
    at _runTestsForDescribeBlock (/Users/rafaelfontes/Desktop/penny-wise/node_modules/jest-circus/build/run.js:121:9)
    at _runTestsForDescribeBlock (/Users/rafaelfontes/Desktop/penny-wise/node_modules/jest-circus/build/run.js:121:9)
    at run (/Users/rafaelfontes/Desktop/penny-wise/node_modules/jest-circus/build/run.js:71:3)
    at runAndTransformResultsToJestFormat (/Users/rafaelfontes/Desktop/penny-wise/node_modules/jest-circus/build/legacy-code-todo-rewrite/jestAdapterInit.js:122:21)
    at jestAdapter (/Users/rafaelfontes/Desktop/penny-wise/node_modules/jest-circus/build/legacy-code-todo-rewrite/jestAdapter.js:79:19)
    at runTestInternal (/Users/rafaelfontes/Desktop/penny-wise/node_modules/jest-runner/build/runTest.js:367:16)
    at runTest (/Users/rafaelfontes/Desktop/penny-wise/node_modules/jest-runner/build/runTest.js:444:34)
    at Object.worker (/Users/rafaelfontes/Desktop/penny-wise/node_modules/jest-runner/build/testWorker.js:106:12)</failure>
    </testcase>
    <testcase classname="MarketDataService getBulkQuotes should handle partial failures in bulk requests" name="MarketDataService getBulkQuotes should handle partial failures in bulk requests" time="0">
      <failure>TypeError: _client.createClient.mockReturnValue is not a function
    at Object.mockReturnValue (/Users/rafaelfontes/Desktop/penny-wise/__tests__/unit/services/market-data-service.test.ts:75:33)
    at Promise.then.completed (/Users/rafaelfontes/Desktop/penny-wise/node_modules/jest-circus/build/utils.js:298:28)
    at new Promise (&lt;anonymous&gt;)
    at callAsyncCircusFn (/Users/rafaelfontes/Desktop/penny-wise/node_modules/jest-circus/build/utils.js:231:10)
    at _callCircusHook (/Users/rafaelfontes/Desktop/penny-wise/node_modules/jest-circus/build/run.js:281:40)
    at processTicksAndRejections (node:internal/process/task_queues:105:5)
    at _runTest (/Users/rafaelfontes/Desktop/penny-wise/node_modules/jest-circus/build/run.js:246:5)
    at _runTestsForDescribeBlock (/Users/rafaelfontes/Desktop/penny-wise/node_modules/jest-circus/build/run.js:126:9)
    at _runTestsForDescribeBlock (/Users/rafaelfontes/Desktop/penny-wise/node_modules/jest-circus/build/run.js:121:9)
    at _runTestsForDescribeBlock (/Users/rafaelfontes/Desktop/penny-wise/node_modules/jest-circus/build/run.js:121:9)
    at run (/Users/rafaelfontes/Desktop/penny-wise/node_modules/jest-circus/build/run.js:71:3)
    at runAndTransformResultsToJestFormat (/Users/rafaelfontes/Desktop/penny-wise/node_modules/jest-circus/build/legacy-code-todo-rewrite/jestAdapterInit.js:122:21)
    at jestAdapter (/Users/rafaelfontes/Desktop/penny-wise/node_modules/jest-circus/build/legacy-code-todo-rewrite/jestAdapter.js:79:19)
    at runTestInternal (/Users/rafaelfontes/Desktop/penny-wise/node_modules/jest-runner/build/runTest.js:367:16)
    at runTest (/Users/rafaelfontes/Desktop/penny-wise/node_modules/jest-runner/build/runTest.js:444:34)
    at Object.worker (/Users/rafaelfontes/Desktop/penny-wise/node_modules/jest-runner/build/testWorker.js:106:12)</failure>
    </testcase>
    <testcase classname="MarketDataService getBulkQuotes should limit bulk request size" name="MarketDataService getBulkQuotes should limit bulk request size" time="0">
      <failure>TypeError: _client.createClient.mockReturnValue is not a function
    at Object.mockReturnValue (/Users/rafaelfontes/Desktop/penny-wise/__tests__/unit/services/market-data-service.test.ts:75:33)
    at Promise.then.completed (/Users/rafaelfontes/Desktop/penny-wise/node_modules/jest-circus/build/utils.js:298:28)
    at new Promise (&lt;anonymous&gt;)
    at callAsyncCircusFn (/Users/rafaelfontes/Desktop/penny-wise/node_modules/jest-circus/build/utils.js:231:10)
    at _callCircusHook (/Users/rafaelfontes/Desktop/penny-wise/node_modules/jest-circus/build/run.js:281:40)
    at processTicksAndRejections (node:internal/process/task_queues:105:5)
    at _runTest (/Users/rafaelfontes/Desktop/penny-wise/node_modules/jest-circus/build/run.js:246:5)
    at _runTestsForDescribeBlock (/Users/rafaelfontes/Desktop/penny-wise/node_modules/jest-circus/build/run.js:126:9)
    at _runTestsForDescribeBlock (/Users/rafaelfontes/Desktop/penny-wise/node_modules/jest-circus/build/run.js:121:9)
    at _runTestsForDescribeBlock (/Users/rafaelfontes/Desktop/penny-wise/node_modules/jest-circus/build/run.js:121:9)
    at run (/Users/rafaelfontes/Desktop/penny-wise/node_modules/jest-circus/build/run.js:71:3)
    at runAndTransformResultsToJestFormat (/Users/rafaelfontes/Desktop/penny-wise/node_modules/jest-circus/build/legacy-code-todo-rewrite/jestAdapterInit.js:122:21)
    at jestAdapter (/Users/rafaelfontes/Desktop/penny-wise/node_modules/jest-circus/build/legacy-code-todo-rewrite/jestAdapter.js:79:19)
    at runTestInternal (/Users/rafaelfontes/Desktop/penny-wise/node_modules/jest-runner/build/runTest.js:367:16)
    at runTest (/Users/rafaelfontes/Desktop/penny-wise/node_modules/jest-runner/build/runTest.js:444:34)
    at Object.worker (/Users/rafaelfontes/Desktop/penny-wise/node_modules/jest-runner/build/testWorker.js:106:12)</failure>
    </testcase>
    <testcase classname="MarketDataService getHistoricalData should fetch historical data with proper parameters" name="MarketDataService getHistoricalData should fetch historical data with proper parameters" time="0">
      <failure>TypeError: _client.createClient.mockReturnValue is not a function
    at Object.mockReturnValue (/Users/rafaelfontes/Desktop/penny-wise/__tests__/unit/services/market-data-service.test.ts:75:33)
    at Promise.then.completed (/Users/rafaelfontes/Desktop/penny-wise/node_modules/jest-circus/build/utils.js:298:28)
    at new Promise (&lt;anonymous&gt;)
    at callAsyncCircusFn (/Users/rafaelfontes/Desktop/penny-wise/node_modules/jest-circus/build/utils.js:231:10)
    at _callCircusHook (/Users/rafaelfontes/Desktop/penny-wise/node_modules/jest-circus/build/run.js:281:40)
    at processTicksAndRejections (node:internal/process/task_queues:105:5)
    at _runTest (/Users/rafaelfontes/Desktop/penny-wise/node_modules/jest-circus/build/run.js:246:5)
    at _runTestsForDescribeBlock (/Users/rafaelfontes/Desktop/penny-wise/node_modules/jest-circus/build/run.js:126:9)
    at _runTestsForDescribeBlock (/Users/rafaelfontes/Desktop/penny-wise/node_modules/jest-circus/build/run.js:121:9)
    at _runTestsForDescribeBlock (/Users/rafaelfontes/Desktop/penny-wise/node_modules/jest-circus/build/run.js:121:9)
    at run (/Users/rafaelfontes/Desktop/penny-wise/node_modules/jest-circus/build/run.js:71:3)
    at runAndTransformResultsToJestFormat (/Users/rafaelfontes/Desktop/penny-wise/node_modules/jest-circus/build/legacy-code-todo-rewrite/jestAdapterInit.js:122:21)
    at jestAdapter (/Users/rafaelfontes/Desktop/penny-wise/node_modules/jest-circus/build/legacy-code-todo-rewrite/jestAdapter.js:79:19)
    at runTestInternal (/Users/rafaelfontes/Desktop/penny-wise/node_modules/jest-runner/build/runTest.js:367:16)
    at runTest (/Users/rafaelfontes/Desktop/penny-wise/node_modules/jest-runner/build/runTest.js:444:34)
    at Object.worker (/Users/rafaelfontes/Desktop/penny-wise/node_modules/jest-runner/build/testWorker.js:106:12)</failure>
    </testcase>
    <testcase classname="MarketDataService getHistoricalData should validate date range parameters" name="MarketDataService getHistoricalData should validate date range parameters" time="0">
      <failure>TypeError: _client.createClient.mockReturnValue is not a function
    at Object.mockReturnValue (/Users/rafaelfontes/Desktop/penny-wise/__tests__/unit/services/market-data-service.test.ts:75:33)
    at Promise.then.completed (/Users/rafaelfontes/Desktop/penny-wise/node_modules/jest-circus/build/utils.js:298:28)
    at new Promise (&lt;anonymous&gt;)
    at callAsyncCircusFn (/Users/rafaelfontes/Desktop/penny-wise/node_modules/jest-circus/build/utils.js:231:10)
    at _callCircusHook (/Users/rafaelfontes/Desktop/penny-wise/node_modules/jest-circus/build/run.js:281:40)
    at processTicksAndRejections (node:internal/process/task_queues:105:5)
    at _runTest (/Users/rafaelfontes/Desktop/penny-wise/node_modules/jest-circus/build/run.js:246:5)
    at _runTestsForDescribeBlock (/Users/rafaelfontes/Desktop/penny-wise/node_modules/jest-circus/build/run.js:126:9)
    at _runTestsForDescribeBlock (/Users/rafaelfontes/Desktop/penny-wise/node_modules/jest-circus/build/run.js:121:9)
    at _runTestsForDescribeBlock (/Users/rafaelfontes/Desktop/penny-wise/node_modules/jest-circus/build/run.js:121:9)
    at run (/Users/rafaelfontes/Desktop/penny-wise/node_modules/jest-circus/build/run.js:71:3)
    at runAndTransformResultsToJestFormat (/Users/rafaelfontes/Desktop/penny-wise/node_modules/jest-circus/build/legacy-code-todo-rewrite/jestAdapterInit.js:122:21)
    at jestAdapter (/Users/rafaelfontes/Desktop/penny-wise/node_modules/jest-circus/build/legacy-code-todo-rewrite/jestAdapter.js:79:19)
    at runTestInternal (/Users/rafaelfontes/Desktop/penny-wise/node_modules/jest-runner/build/runTest.js:367:16)
    at runTest (/Users/rafaelfontes/Desktop/penny-wise/node_modules/jest-runner/build/runTest.js:444:34)
    at Object.worker (/Users/rafaelfontes/Desktop/penny-wise/node_modules/jest-runner/build/testWorker.js:106:12)</failure>
    </testcase>
    <testcase classname="MarketDataService getHistoricalData should cache historical data appropriately" name="MarketDataService getHistoricalData should cache historical data appropriately" time="0">
      <failure>TypeError: _client.createClient.mockReturnValue is not a function
    at Object.mockReturnValue (/Users/rafaelfontes/Desktop/penny-wise/__tests__/unit/services/market-data-service.test.ts:75:33)
    at Promise.then.completed (/Users/rafaelfontes/Desktop/penny-wise/node_modules/jest-circus/build/utils.js:298:28)
    at new Promise (&lt;anonymous&gt;)
    at callAsyncCircusFn (/Users/rafaelfontes/Desktop/penny-wise/node_modules/jest-circus/build/utils.js:231:10)
    at _callCircusHook (/Users/rafaelfontes/Desktop/penny-wise/node_modules/jest-circus/build/run.js:281:40)
    at processTicksAndRejections (node:internal/process/task_queues:105:5)
    at _runTest (/Users/rafaelfontes/Desktop/penny-wise/node_modules/jest-circus/build/run.js:246:5)
    at _runTestsForDescribeBlock (/Users/rafaelfontes/Desktop/penny-wise/node_modules/jest-circus/build/run.js:126:9)
    at _runTestsForDescribeBlock (/Users/rafaelfontes/Desktop/penny-wise/node_modules/jest-circus/build/run.js:121:9)
    at _runTestsForDescribeBlock (/Users/rafaelfontes/Desktop/penny-wise/node_modules/jest-circus/build/run.js:121:9)
    at run (/Users/rafaelfontes/Desktop/penny-wise/node_modules/jest-circus/build/run.js:71:3)
    at runAndTransformResultsToJestFormat (/Users/rafaelfontes/Desktop/penny-wise/node_modules/jest-circus/build/legacy-code-todo-rewrite/jestAdapterInit.js:122:21)
    at jestAdapter (/Users/rafaelfontes/Desktop/penny-wise/node_modules/jest-circus/build/legacy-code-todo-rewrite/jestAdapter.js:79:19)
    at runTestInternal (/Users/rafaelfontes/Desktop/penny-wise/node_modules/jest-runner/build/runTest.js:367:16)
    at runTest (/Users/rafaelfontes/Desktop/penny-wise/node_modules/jest-runner/build/runTest.js:444:34)
    at Object.worker (/Users/rafaelfontes/Desktop/penny-wise/node_modules/jest-runner/build/testWorker.js:106:12)</failure>
    </testcase>
    <testcase classname="MarketDataService getMarketAnalysis should perform comprehensive market analysis" name="MarketDataService getMarketAnalysis should perform comprehensive market analysis" time="0">
      <failure>TypeError: _client.createClient.mockReturnValue is not a function
    at Object.mockReturnValue (/Users/rafaelfontes/Desktop/penny-wise/__tests__/unit/services/market-data-service.test.ts:75:33)
    at Promise.then.completed (/Users/rafaelfontes/Desktop/penny-wise/node_modules/jest-circus/build/utils.js:298:28)
    at new Promise (&lt;anonymous&gt;)
    at callAsyncCircusFn (/Users/rafaelfontes/Desktop/penny-wise/node_modules/jest-circus/build/utils.js:231:10)
    at _callCircusHook (/Users/rafaelfontes/Desktop/penny-wise/node_modules/jest-circus/build/run.js:281:40)
    at processTicksAndRejections (node:internal/process/task_queues:105:5)
    at _runTest (/Users/rafaelfontes/Desktop/penny-wise/node_modules/jest-circus/build/run.js:246:5)
    at _runTestsForDescribeBlock (/Users/rafaelfontes/Desktop/penny-wise/node_modules/jest-circus/build/run.js:126:9)
    at _runTestsForDescribeBlock (/Users/rafaelfontes/Desktop/penny-wise/node_modules/jest-circus/build/run.js:121:9)
    at _runTestsForDescribeBlock (/Users/rafaelfontes/Desktop/penny-wise/node_modules/jest-circus/build/run.js:121:9)
    at run (/Users/rafaelfontes/Desktop/penny-wise/node_modules/jest-circus/build/run.js:71:3)
    at runAndTransformResultsToJestFormat (/Users/rafaelfontes/Desktop/penny-wise/node_modules/jest-circus/build/legacy-code-todo-rewrite/jestAdapterInit.js:122:21)
    at jestAdapter (/Users/rafaelfontes/Desktop/penny-wise/node_modules/jest-circus/build/legacy-code-todo-rewrite/jestAdapter.js:79:19)
    at runTestInternal (/Users/rafaelfontes/Desktop/penny-wise/node_modules/jest-runner/build/runTest.js:367:16)
    at runTest (/Users/rafaelfontes/Desktop/penny-wise/node_modules/jest-runner/build/runTest.js:444:34)
    at Object.worker (/Users/rafaelfontes/Desktop/penny-wise/node_modules/jest-runner/build/testWorker.js:106:12)</failure>
    </testcase>
    <testcase classname="MarketDataService getMarketAnalysis should handle analysis with custom parameters" name="MarketDataService getMarketAnalysis should handle analysis with custom parameters" time="0">
      <failure>TypeError: _client.createClient.mockReturnValue is not a function
    at Object.mockReturnValue (/Users/rafaelfontes/Desktop/penny-wise/__tests__/unit/services/market-data-service.test.ts:75:33)
    at Promise.then.completed (/Users/rafaelfontes/Desktop/penny-wise/node_modules/jest-circus/build/utils.js:298:28)
    at new Promise (&lt;anonymous&gt;)
    at callAsyncCircusFn (/Users/rafaelfontes/Desktop/penny-wise/node_modules/jest-circus/build/utils.js:231:10)
    at _callCircusHook (/Users/rafaelfontes/Desktop/penny-wise/node_modules/jest-circus/build/run.js:281:40)
    at processTicksAndRejections (node:internal/process/task_queues:105:5)
    at _runTest (/Users/rafaelfontes/Desktop/penny-wise/node_modules/jest-circus/build/run.js:246:5)
    at _runTestsForDescribeBlock (/Users/rafaelfontes/Desktop/penny-wise/node_modules/jest-circus/build/run.js:126:9)
    at _runTestsForDescribeBlock (/Users/rafaelfontes/Desktop/penny-wise/node_modules/jest-circus/build/run.js:121:9)
    at _runTestsForDescribeBlock (/Users/rafaelfontes/Desktop/penny-wise/node_modules/jest-circus/build/run.js:121:9)
    at run (/Users/rafaelfontes/Desktop/penny-wise/node_modules/jest-circus/build/run.js:71:3)
    at runAndTransformResultsToJestFormat (/Users/rafaelfontes/Desktop/penny-wise/node_modules/jest-circus/build/legacy-code-todo-rewrite/jestAdapterInit.js:122:21)
    at jestAdapter (/Users/rafaelfontes/Desktop/penny-wise/node_modules/jest-circus/build/legacy-code-todo-rewrite/jestAdapter.js:79:19)
    at runTestInternal (/Users/rafaelfontes/Desktop/penny-wise/node_modules/jest-runner/build/runTest.js:367:16)
    at runTest (/Users/rafaelfontes/Desktop/penny-wise/node_modules/jest-runner/build/runTest.js:444:34)
    at Object.worker (/Users/rafaelfontes/Desktop/penny-wise/node_modules/jest-runner/build/testWorker.js:106:12)</failure>
    </testcase>
    <testcase classname="MarketDataService calculateTechnicalIndicators should calculate RSI correctly" name="MarketDataService calculateTechnicalIndicators should calculate RSI correctly" time="0.001">
      <failure>TypeError: _client.createClient.mockReturnValue is not a function
    at Object.mockReturnValue (/Users/rafaelfontes/Desktop/penny-wise/__tests__/unit/services/market-data-service.test.ts:75:33)
    at Promise.then.completed (/Users/rafaelfontes/Desktop/penny-wise/node_modules/jest-circus/build/utils.js:298:28)
    at new Promise (&lt;anonymous&gt;)
    at callAsyncCircusFn (/Users/rafaelfontes/Desktop/penny-wise/node_modules/jest-circus/build/utils.js:231:10)
    at _callCircusHook (/Users/rafaelfontes/Desktop/penny-wise/node_modules/jest-circus/build/run.js:281:40)
    at processTicksAndRejections (node:internal/process/task_queues:105:5)
    at _runTest (/Users/rafaelfontes/Desktop/penny-wise/node_modules/jest-circus/build/run.js:246:5)
    at _runTestsForDescribeBlock (/Users/rafaelfontes/Desktop/penny-wise/node_modules/jest-circus/build/run.js:126:9)
    at _runTestsForDescribeBlock (/Users/rafaelfontes/Desktop/penny-wise/node_modules/jest-circus/build/run.js:121:9)
    at _runTestsForDescribeBlock (/Users/rafaelfontes/Desktop/penny-wise/node_modules/jest-circus/build/run.js:121:9)
    at run (/Users/rafaelfontes/Desktop/penny-wise/node_modules/jest-circus/build/run.js:71:3)
    at runAndTransformResultsToJestFormat (/Users/rafaelfontes/Desktop/penny-wise/node_modules/jest-circus/build/legacy-code-todo-rewrite/jestAdapterInit.js:122:21)
    at jestAdapter (/Users/rafaelfontes/Desktop/penny-wise/node_modules/jest-circus/build/legacy-code-todo-rewrite/jestAdapter.js:79:19)
    at runTestInternal (/Users/rafaelfontes/Desktop/penny-wise/node_modules/jest-runner/build/runTest.js:367:16)
    at runTest (/Users/rafaelfontes/Desktop/penny-wise/node_modules/jest-runner/build/runTest.js:444:34)
    at Object.worker (/Users/rafaelfontes/Desktop/penny-wise/node_modules/jest-runner/build/testWorker.js:106:12)</failure>
    </testcase>
    <testcase classname="MarketDataService calculateTechnicalIndicators should calculate MACD correctly" name="MarketDataService calculateTechnicalIndicators should calculate MACD correctly" time="0">
      <failure>TypeError: _client.createClient.mockReturnValue is not a function
    at Object.mockReturnValue (/Users/rafaelfontes/Desktop/penny-wise/__tests__/unit/services/market-data-service.test.ts:75:33)
    at Promise.then.completed (/Users/rafaelfontes/Desktop/penny-wise/node_modules/jest-circus/build/utils.js:298:28)
    at new Promise (&lt;anonymous&gt;)
    at callAsyncCircusFn (/Users/rafaelfontes/Desktop/penny-wise/node_modules/jest-circus/build/utils.js:231:10)
    at _callCircusHook (/Users/rafaelfontes/Desktop/penny-wise/node_modules/jest-circus/build/run.js:281:40)
    at processTicksAndRejections (node:internal/process/task_queues:105:5)
    at _runTest (/Users/rafaelfontes/Desktop/penny-wise/node_modules/jest-circus/build/run.js:246:5)
    at _runTestsForDescribeBlock (/Users/rafaelfontes/Desktop/penny-wise/node_modules/jest-circus/build/run.js:126:9)
    at _runTestsForDescribeBlock (/Users/rafaelfontes/Desktop/penny-wise/node_modules/jest-circus/build/run.js:121:9)
    at _runTestsForDescribeBlock (/Users/rafaelfontes/Desktop/penny-wise/node_modules/jest-circus/build/run.js:121:9)
    at run (/Users/rafaelfontes/Desktop/penny-wise/node_modules/jest-circus/build/run.js:71:3)
    at runAndTransformResultsToJestFormat (/Users/rafaelfontes/Desktop/penny-wise/node_modules/jest-circus/build/legacy-code-todo-rewrite/jestAdapterInit.js:122:21)
    at jestAdapter (/Users/rafaelfontes/Desktop/penny-wise/node_modules/jest-circus/build/legacy-code-todo-rewrite/jestAdapter.js:79:19)
    at runTestInternal (/Users/rafaelfontes/Desktop/penny-wise/node_modules/jest-runner/build/runTest.js:367:16)
    at runTest (/Users/rafaelfontes/Desktop/penny-wise/node_modules/jest-runner/build/runTest.js:444:34)
    at Object.worker (/Users/rafaelfontes/Desktop/penny-wise/node_modules/jest-runner/build/testWorker.js:106:12)</failure>
    </testcase>
    <testcase classname="MarketDataService calculateTechnicalIndicators should calculate moving averages correctly" name="MarketDataService calculateTechnicalIndicators should calculate moving averages correctly" time="0">
      <failure>TypeError: _client.createClient.mockReturnValue is not a function
    at Object.mockReturnValue (/Users/rafaelfontes/Desktop/penny-wise/__tests__/unit/services/market-data-service.test.ts:75:33)
    at Promise.then.completed (/Users/rafaelfontes/Desktop/penny-wise/node_modules/jest-circus/build/utils.js:298:28)
    at new Promise (&lt;anonymous&gt;)
    at callAsyncCircusFn (/Users/rafaelfontes/Desktop/penny-wise/node_modules/jest-circus/build/utils.js:231:10)
    at _callCircusHook (/Users/rafaelfontes/Desktop/penny-wise/node_modules/jest-circus/build/run.js:281:40)
    at processTicksAndRejections (node:internal/process/task_queues:105:5)
    at _runTest (/Users/rafaelfontes/Desktop/penny-wise/node_modules/jest-circus/build/run.js:246:5)
    at _runTestsForDescribeBlock (/Users/rafaelfontes/Desktop/penny-wise/node_modules/jest-circus/build/run.js:126:9)
    at _runTestsForDescribeBlock (/Users/rafaelfontes/Desktop/penny-wise/node_modules/jest-circus/build/run.js:121:9)
    at _runTestsForDescribeBlock (/Users/rafaelfontes/Desktop/penny-wise/node_modules/jest-circus/build/run.js:121:9)
    at run (/Users/rafaelfontes/Desktop/penny-wise/node_modules/jest-circus/build/run.js:71:3)
    at runAndTransformResultsToJestFormat (/Users/rafaelfontes/Desktop/penny-wise/node_modules/jest-circus/build/legacy-code-todo-rewrite/jestAdapterInit.js:122:21)
    at jestAdapter (/Users/rafaelfontes/Desktop/penny-wise/node_modules/jest-circus/build/legacy-code-todo-rewrite/jestAdapter.js:79:19)
    at runTestInternal (/Users/rafaelfontes/Desktop/penny-wise/node_modules/jest-runner/build/runTest.js:367:16)
    at runTest (/Users/rafaelfontes/Desktop/penny-wise/node_modules/jest-runner/build/runTest.js:444:34)
    at Object.worker (/Users/rafaelfontes/Desktop/penny-wise/node_modules/jest-runner/build/testWorker.js:106:12)</failure>
    </testcase>
    <testcase classname="MarketDataService calculateTechnicalIndicators should handle insufficient data gracefully" name="MarketDataService calculateTechnicalIndicators should handle insufficient data gracefully" time="0">
      <failure>TypeError: _client.createClient.mockReturnValue is not a function
    at Object.mockReturnValue (/Users/rafaelfontes/Desktop/penny-wise/__tests__/unit/services/market-data-service.test.ts:75:33)
    at Promise.then.completed (/Users/rafaelfontes/Desktop/penny-wise/node_modules/jest-circus/build/utils.js:298:28)
    at new Promise (&lt;anonymous&gt;)
    at callAsyncCircusFn (/Users/rafaelfontes/Desktop/penny-wise/node_modules/jest-circus/build/utils.js:231:10)
    at _callCircusHook (/Users/rafaelfontes/Desktop/penny-wise/node_modules/jest-circus/build/run.js:281:40)
    at processTicksAndRejections (node:internal/process/task_queues:105:5)
    at _runTest (/Users/rafaelfontes/Desktop/penny-wise/node_modules/jest-circus/build/run.js:246:5)
    at _runTestsForDescribeBlock (/Users/rafaelfontes/Desktop/penny-wise/node_modules/jest-circus/build/run.js:126:9)
    at _runTestsForDescribeBlock (/Users/rafaelfontes/Desktop/penny-wise/node_modules/jest-circus/build/run.js:121:9)
    at _runTestsForDescribeBlock (/Users/rafaelfontes/Desktop/penny-wise/node_modules/jest-circus/build/run.js:121:9)
    at run (/Users/rafaelfontes/Desktop/penny-wise/node_modules/jest-circus/build/run.js:71:3)
    at runAndTransformResultsToJestFormat (/Users/rafaelfontes/Desktop/penny-wise/node_modules/jest-circus/build/legacy-code-todo-rewrite/jestAdapterInit.js:122:21)
    at jestAdapter (/Users/rafaelfontes/Desktop/penny-wise/node_modules/jest-circus/build/legacy-code-todo-rewrite/jestAdapter.js:79:19)
    at runTestInternal (/Users/rafaelfontes/Desktop/penny-wise/node_modules/jest-runner/build/runTest.js:367:16)
    at runTest (/Users/rafaelfontes/Desktop/penny-wise/node_modules/jest-runner/build/runTest.js:444:34)
    at Object.worker (/Users/rafaelfontes/Desktop/penny-wise/node_modules/jest-runner/build/testWorker.js:106:12)</failure>
    </testcase>
    <testcase classname="MarketDataService getMarketNews should fetch market news with filters" name="MarketDataService getMarketNews should fetch market news with filters" time="0">
      <failure>TypeError: _client.createClient.mockReturnValue is not a function
    at Object.mockReturnValue (/Users/rafaelfontes/Desktop/penny-wise/__tests__/unit/services/market-data-service.test.ts:75:33)
    at Promise.then.completed (/Users/rafaelfontes/Desktop/penny-wise/node_modules/jest-circus/build/utils.js:298:28)
    at new Promise (&lt;anonymous&gt;)
    at callAsyncCircusFn (/Users/rafaelfontes/Desktop/penny-wise/node_modules/jest-circus/build/utils.js:231:10)
    at _callCircusHook (/Users/rafaelfontes/Desktop/penny-wise/node_modules/jest-circus/build/run.js:281:40)
    at processTicksAndRejections (node:internal/process/task_queues:105:5)
    at _runTest (/Users/rafaelfontes/Desktop/penny-wise/node_modules/jest-circus/build/run.js:246:5)
    at _runTestsForDescribeBlock (/Users/rafaelfontes/Desktop/penny-wise/node_modules/jest-circus/build/run.js:126:9)
    at _runTestsForDescribeBlock (/Users/rafaelfontes/Desktop/penny-wise/node_modules/jest-circus/build/run.js:121:9)
    at _runTestsForDescribeBlock (/Users/rafaelfontes/Desktop/penny-wise/node_modules/jest-circus/build/run.js:121:9)
    at run (/Users/rafaelfontes/Desktop/penny-wise/node_modules/jest-circus/build/run.js:71:3)
    at runAndTransformResultsToJestFormat (/Users/rafaelfontes/Desktop/penny-wise/node_modules/jest-circus/build/legacy-code-todo-rewrite/jestAdapterInit.js:122:21)
    at jestAdapter (/Users/rafaelfontes/Desktop/penny-wise/node_modules/jest-circus/build/legacy-code-todo-rewrite/jestAdapter.js:79:19)
    at runTestInternal (/Users/rafaelfontes/Desktop/penny-wise/node_modules/jest-runner/build/runTest.js:367:16)
    at runTest (/Users/rafaelfontes/Desktop/penny-wise/node_modules/jest-runner/build/runTest.js:444:34)
    at Object.worker (/Users/rafaelfontes/Desktop/penny-wise/node_modules/jest-runner/build/testWorker.js:106:12)</failure>
    </testcase>
    <testcase classname="MarketDataService Error Handling and Resilience should handle network timeouts" name="MarketDataService Error Handling and Resilience should handle network timeouts" time="0">
      <failure>TypeError: _client.createClient.mockReturnValue is not a function
    at Object.mockReturnValue (/Users/rafaelfontes/Desktop/penny-wise/__tests__/unit/services/market-data-service.test.ts:75:33)
    at Promise.then.completed (/Users/rafaelfontes/Desktop/penny-wise/node_modules/jest-circus/build/utils.js:298:28)
    at new Promise (&lt;anonymous&gt;)
    at callAsyncCircusFn (/Users/rafaelfontes/Desktop/penny-wise/node_modules/jest-circus/build/utils.js:231:10)
    at _callCircusHook (/Users/rafaelfontes/Desktop/penny-wise/node_modules/jest-circus/build/run.js:281:40)
    at processTicksAndRejections (node:internal/process/task_queues:105:5)
    at _runTest (/Users/rafaelfontes/Desktop/penny-wise/node_modules/jest-circus/build/run.js:246:5)
    at _runTestsForDescribeBlock (/Users/rafaelfontes/Desktop/penny-wise/node_modules/jest-circus/build/run.js:126:9)
    at _runTestsForDescribeBlock (/Users/rafaelfontes/Desktop/penny-wise/node_modules/jest-circus/build/run.js:121:9)
    at _runTestsForDescribeBlock (/Users/rafaelfontes/Desktop/penny-wise/node_modules/jest-circus/build/run.js:121:9)
    at run (/Users/rafaelfontes/Desktop/penny-wise/node_modules/jest-circus/build/run.js:71:3)
    at runAndTransformResultsToJestFormat (/Users/rafaelfontes/Desktop/penny-wise/node_modules/jest-circus/build/legacy-code-todo-rewrite/jestAdapterInit.js:122:21)
    at jestAdapter (/Users/rafaelfontes/Desktop/penny-wise/node_modules/jest-circus/build/legacy-code-todo-rewrite/jestAdapter.js:79:19)
    at runTestInternal (/Users/rafaelfontes/Desktop/penny-wise/node_modules/jest-runner/build/runTest.js:367:16)
    at runTest (/Users/rafaelfontes/Desktop/penny-wise/node_modules/jest-runner/build/runTest.js:444:34)
    at Object.worker (/Users/rafaelfontes/Desktop/penny-wise/node_modules/jest-runner/build/testWorker.js:106:12)</failure>
    </testcase>
    <testcase classname="MarketDataService Error Handling and Resilience should retry failed requests with exponential backoff" name="MarketDataService Error Handling and Resilience should retry failed requests with exponential backoff" time="0.001">
      <failure>TypeError: _client.createClient.mockReturnValue is not a function
    at Object.mockReturnValue (/Users/rafaelfontes/Desktop/penny-wise/__tests__/unit/services/market-data-service.test.ts:75:33)
    at Promise.then.completed (/Users/rafaelfontes/Desktop/penny-wise/node_modules/jest-circus/build/utils.js:298:28)
    at new Promise (&lt;anonymous&gt;)
    at callAsyncCircusFn (/Users/rafaelfontes/Desktop/penny-wise/node_modules/jest-circus/build/utils.js:231:10)
    at _callCircusHook (/Users/rafaelfontes/Desktop/penny-wise/node_modules/jest-circus/build/run.js:281:40)
    at processTicksAndRejections (node:internal/process/task_queues:105:5)
    at _runTest (/Users/rafaelfontes/Desktop/penny-wise/node_modules/jest-circus/build/run.js:246:5)
    at _runTestsForDescribeBlock (/Users/rafaelfontes/Desktop/penny-wise/node_modules/jest-circus/build/run.js:126:9)
    at _runTestsForDescribeBlock (/Users/rafaelfontes/Desktop/penny-wise/node_modules/jest-circus/build/run.js:121:9)
    at _runTestsForDescribeBlock (/Users/rafaelfontes/Desktop/penny-wise/node_modules/jest-circus/build/run.js:121:9)
    at run (/Users/rafaelfontes/Desktop/penny-wise/node_modules/jest-circus/build/run.js:71:3)
    at runAndTransformResultsToJestFormat (/Users/rafaelfontes/Desktop/penny-wise/node_modules/jest-circus/build/legacy-code-todo-rewrite/jestAdapterInit.js:122:21)
    at jestAdapter (/Users/rafaelfontes/Desktop/penny-wise/node_modules/jest-circus/build/legacy-code-todo-rewrite/jestAdapter.js:79:19)
    at runTestInternal (/Users/rafaelfontes/Desktop/penny-wise/node_modules/jest-runner/build/runTest.js:367:16)
    at runTest (/Users/rafaelfontes/Desktop/penny-wise/node_modules/jest-runner/build/runTest.js:444:34)
    at Object.worker (/Users/rafaelfontes/Desktop/penny-wise/node_modules/jest-runner/build/testWorker.js:106:12)</failure>
    </testcase>
    <testcase classname="MarketDataService Error Handling and Resilience should handle rate limiting gracefully" name="MarketDataService Error Handling and Resilience should handle rate limiting gracefully" time="0">
      <failure>TypeError: _client.createClient.mockReturnValue is not a function
    at Object.mockReturnValue (/Users/rafaelfontes/Desktop/penny-wise/__tests__/unit/services/market-data-service.test.ts:75:33)
    at Promise.then.completed (/Users/rafaelfontes/Desktop/penny-wise/node_modules/jest-circus/build/utils.js:298:28)
    at new Promise (&lt;anonymous&gt;)
    at callAsyncCircusFn (/Users/rafaelfontes/Desktop/penny-wise/node_modules/jest-circus/build/utils.js:231:10)
    at _callCircusHook (/Users/rafaelfontes/Desktop/penny-wise/node_modules/jest-circus/build/run.js:281:40)
    at processTicksAndRejections (node:internal/process/task_queues:105:5)
    at _runTest (/Users/rafaelfontes/Desktop/penny-wise/node_modules/jest-circus/build/run.js:246:5)
    at _runTestsForDescribeBlock (/Users/rafaelfontes/Desktop/penny-wise/node_modules/jest-circus/build/run.js:126:9)
    at _runTestsForDescribeBlock (/Users/rafaelfontes/Desktop/penny-wise/node_modules/jest-circus/build/run.js:121:9)
    at _runTestsForDescribeBlock (/Users/rafaelfontes/Desktop/penny-wise/node_modules/jest-circus/build/run.js:121:9)
    at run (/Users/rafaelfontes/Desktop/penny-wise/node_modules/jest-circus/build/run.js:71:3)
    at runAndTransformResultsToJestFormat (/Users/rafaelfontes/Desktop/penny-wise/node_modules/jest-circus/build/legacy-code-todo-rewrite/jestAdapterInit.js:122:21)
    at jestAdapter (/Users/rafaelfontes/Desktop/penny-wise/node_modules/jest-circus/build/legacy-code-todo-rewrite/jestAdapter.js:79:19)
    at runTestInternal (/Users/rafaelfontes/Desktop/penny-wise/node_modules/jest-runner/build/runTest.js:367:16)
    at runTest (/Users/rafaelfontes/Desktop/penny-wise/node_modules/jest-runner/build/runTest.js:444:34)
    at Object.worker (/Users/rafaelfontes/Desktop/penny-wise/node_modules/jest-runner/build/testWorker.js:106:12)</failure>
    </testcase>
    <testcase classname="MarketDataService Performance and Caching should implement efficient caching strategy" name="MarketDataService Performance and Caching should implement efficient caching strategy" time="0">
      <failure>TypeError: _client.createClient.mockReturnValue is not a function
    at Object.mockReturnValue (/Users/rafaelfontes/Desktop/penny-wise/__tests__/unit/services/market-data-service.test.ts:75:33)
    at Promise.then.completed (/Users/rafaelfontes/Desktop/penny-wise/node_modules/jest-circus/build/utils.js:298:28)
    at new Promise (&lt;anonymous&gt;)
    at callAsyncCircusFn (/Users/rafaelfontes/Desktop/penny-wise/node_modules/jest-circus/build/utils.js:231:10)
    at _callCircusHook (/Users/rafaelfontes/Desktop/penny-wise/node_modules/jest-circus/build/run.js:281:40)
    at processTicksAndRejections (node:internal/process/task_queues:105:5)
    at _runTest (/Users/rafaelfontes/Desktop/penny-wise/node_modules/jest-circus/build/run.js:246:5)
    at _runTestsForDescribeBlock (/Users/rafaelfontes/Desktop/penny-wise/node_modules/jest-circus/build/run.js:126:9)
    at _runTestsForDescribeBlock (/Users/rafaelfontes/Desktop/penny-wise/node_modules/jest-circus/build/run.js:121:9)
    at _runTestsForDescribeBlock (/Users/rafaelfontes/Desktop/penny-wise/node_modules/jest-circus/build/run.js:121:9)
    at run (/Users/rafaelfontes/Desktop/penny-wise/node_modules/jest-circus/build/run.js:71:3)
    at runAndTransformResultsToJestFormat (/Users/rafaelfontes/Desktop/penny-wise/node_modules/jest-circus/build/legacy-code-todo-rewrite/jestAdapterInit.js:122:21)
    at jestAdapter (/Users/rafaelfontes/Desktop/penny-wise/node_modules/jest-circus/build/legacy-code-todo-rewrite/jestAdapter.js:79:19)
    at runTestInternal (/Users/rafaelfontes/Desktop/penny-wise/node_modules/jest-runner/build/runTest.js:367:16)
    at runTest (/Users/rafaelfontes/Desktop/penny-wise/node_modules/jest-runner/build/runTest.js:444:34)
    at Object.worker (/Users/rafaelfontes/Desktop/penny-wise/node_modules/jest-runner/build/testWorker.js:106:12)</failure>
    </testcase>
    <testcase classname="MarketDataService Performance and Caching should batch multiple requests efficiently" name="MarketDataService Performance and Caching should batch multiple requests efficiently" time="0">
      <failure>TypeError: _client.createClient.mockReturnValue is not a function
    at Object.mockReturnValue (/Users/rafaelfontes/Desktop/penny-wise/__tests__/unit/services/market-data-service.test.ts:75:33)
    at Promise.then.completed (/Users/rafaelfontes/Desktop/penny-wise/node_modules/jest-circus/build/utils.js:298:28)
    at new Promise (&lt;anonymous&gt;)
    at callAsyncCircusFn (/Users/rafaelfontes/Desktop/penny-wise/node_modules/jest-circus/build/utils.js:231:10)
    at _callCircusHook (/Users/rafaelfontes/Desktop/penny-wise/node_modules/jest-circus/build/run.js:281:40)
    at processTicksAndRejections (node:internal/process/task_queues:105:5)
    at _runTest (/Users/rafaelfontes/Desktop/penny-wise/node_modules/jest-circus/build/run.js:246:5)
    at _runTestsForDescribeBlock (/Users/rafaelfontes/Desktop/penny-wise/node_modules/jest-circus/build/run.js:126:9)
    at _runTestsForDescribeBlock (/Users/rafaelfontes/Desktop/penny-wise/node_modules/jest-circus/build/run.js:121:9)
    at _runTestsForDescribeBlock (/Users/rafaelfontes/Desktop/penny-wise/node_modules/jest-circus/build/run.js:121:9)
    at run (/Users/rafaelfontes/Desktop/penny-wise/node_modules/jest-circus/build/run.js:71:3)
    at runAndTransformResultsToJestFormat (/Users/rafaelfontes/Desktop/penny-wise/node_modules/jest-circus/build/legacy-code-todo-rewrite/jestAdapterInit.js:122:21)
    at jestAdapter (/Users/rafaelfontes/Desktop/penny-wise/node_modules/jest-circus/build/legacy-code-todo-rewrite/jestAdapter.js:79:19)
    at runTestInternal (/Users/rafaelfontes/Desktop/penny-wise/node_modules/jest-runner/build/runTest.js:367:16)
    at runTest (/Users/rafaelfontes/Desktop/penny-wise/node_modules/jest-runner/build/runTest.js:444:34)
    at Object.worker (/Users/rafaelfontes/Desktop/penny-wise/node_modules/jest-runner/build/testWorker.js:106:12)</failure>
    </testcase>
  </testsuite>
  <testsuite name="Real Services Tests" errors="0" failures="20" skipped="0" timestamp="2025-06-15T22:06:12" time="0.794" tests="38">
    <testcase classname="Real Services Tests Utils Functions should test cn utility function" name="Real Services Tests Utils Functions should test cn utility function" time="0.003">
    </testcase>
    <testcase classname="Real Services Tests Utils Functions should test clsx-like functionality" name="Real Services Tests Utils Functions should test clsx-like functionality" time="0">
    </testcase>
    <testcase classname="Real Services Tests Error Handler Utils should handle different error types" name="Real Services Tests Error Handler Utils should handle different error types" time="0.001">
    </testcase>
    <testcase classname="Real Services Tests API Response Validation should validate API responses" name="Real Services Tests API Response Validation should validate API responses" time="0">
    </testcase>
    <testcase classname="Real Services Tests Cache Service Utilities should implement basic cache functionality" name="Real Services Tests Cache Service Utilities should implement basic cache functionality" time="0.001">
    </testcase>
    <testcase classname="Real Services Tests Cache Service Utilities should handle cache expiration" name="Real Services Tests Cache Service Utilities should handle cache expiration" time="0.027">
    </testcase>
    <testcase classname="Real Services Tests UUID Generation should generate unique identifiers" name="Real Services Tests UUID Generation should generate unique identifiers" time="0">
    </testcase>
    <testcase classname="Real Services Tests Rate Limiting should implement rate limiting logic" name="Real Services Tests Rate Limiting should implement rate limiting logic" time="0.001">
    </testcase>
    <testcase classname="Real Services Tests Data Validation should validate different data types" name="Real Services Tests Data Validation should validate different data types" time="0.001">
    </testcase>
    <testcase classname="Real Services Tests Date and Time Utilities should handle date formatting and calculations" name="Real Services Tests Date and Time Utilities should handle date formatting and calculations" time="0.026">
    </testcase>
    <testcase classname="Real Services Tests MarketDataService should get quote successfully" name="Real Services Tests MarketDataService should get quote successfully" time="0.001">
      <failure>TypeError: _marketdata.default is not a constructor
    at Object.&lt;anonymous&gt; (/Users/rafaelfontes/Desktop/penny-wise/__tests__/unit/services/real-services.test.ts:676:17)
    at Promise.then.completed (/Users/rafaelfontes/Desktop/penny-wise/node_modules/jest-circus/build/utils.js:298:28)
    at new Promise (&lt;anonymous&gt;)
    at callAsyncCircusFn (/Users/rafaelfontes/Desktop/penny-wise/node_modules/jest-circus/build/utils.js:231:10)
    at _callCircusHook (/Users/rafaelfontes/Desktop/penny-wise/node_modules/jest-circus/build/run.js:281:40)
    at _runTest (/Users/rafaelfontes/Desktop/penny-wise/node_modules/jest-circus/build/run.js:246:5)
    at _runTestsForDescribeBlock (/Users/rafaelfontes/Desktop/penny-wise/node_modules/jest-circus/build/run.js:126:9)
    at _runTestsForDescribeBlock (/Users/rafaelfontes/Desktop/penny-wise/node_modules/jest-circus/build/run.js:121:9)
    at _runTestsForDescribeBlock (/Users/rafaelfontes/Desktop/penny-wise/node_modules/jest-circus/build/run.js:121:9)
    at run (/Users/rafaelfontes/Desktop/penny-wise/node_modules/jest-circus/build/run.js:71:3)
    at runAndTransformResultsToJestFormat (/Users/rafaelfontes/Desktop/penny-wise/node_modules/jest-circus/build/legacy-code-todo-rewrite/jestAdapterInit.js:122:21)
    at jestAdapter (/Users/rafaelfontes/Desktop/penny-wise/node_modules/jest-circus/build/legacy-code-todo-rewrite/jestAdapter.js:79:19)
    at runTestInternal (/Users/rafaelfontes/Desktop/penny-wise/node_modules/jest-runner/build/runTest.js:367:16)
    at runTest (/Users/rafaelfontes/Desktop/penny-wise/node_modules/jest-runner/build/runTest.js:444:34)
    at Object.worker (/Users/rafaelfontes/Desktop/penny-wise/node_modules/jest-runner/build/testWorker.js:106:12)</failure>
    </testcase>
    <testcase classname="Real Services Tests MarketDataService should handle API errors gracefully" name="Real Services Tests MarketDataService should handle API errors gracefully" time="0">
      <failure>TypeError: _marketdata.default is not a constructor
    at Object.&lt;anonymous&gt; (/Users/rafaelfontes/Desktop/penny-wise/__tests__/unit/services/real-services.test.ts:676:17)
    at Promise.then.completed (/Users/rafaelfontes/Desktop/penny-wise/node_modules/jest-circus/build/utils.js:298:28)
    at new Promise (&lt;anonymous&gt;)
    at callAsyncCircusFn (/Users/rafaelfontes/Desktop/penny-wise/node_modules/jest-circus/build/utils.js:231:10)
    at _callCircusHook (/Users/rafaelfontes/Desktop/penny-wise/node_modules/jest-circus/build/run.js:281:40)
    at _runTest (/Users/rafaelfontes/Desktop/penny-wise/node_modules/jest-circus/build/run.js:246:5)
    at _runTestsForDescribeBlock (/Users/rafaelfontes/Desktop/penny-wise/node_modules/jest-circus/build/run.js:126:9)
    at _runTestsForDescribeBlock (/Users/rafaelfontes/Desktop/penny-wise/node_modules/jest-circus/build/run.js:121:9)
    at _runTestsForDescribeBlock (/Users/rafaelfontes/Desktop/penny-wise/node_modules/jest-circus/build/run.js:121:9)
    at run (/Users/rafaelfontes/Desktop/penny-wise/node_modules/jest-circus/build/run.js:71:3)
    at runAndTransformResultsToJestFormat (/Users/rafaelfontes/Desktop/penny-wise/node_modules/jest-circus/build/legacy-code-todo-rewrite/jestAdapterInit.js:122:21)
    at jestAdapter (/Users/rafaelfontes/Desktop/penny-wise/node_modules/jest-circus/build/legacy-code-todo-rewrite/jestAdapter.js:79:19)
    at runTestInternal (/Users/rafaelfontes/Desktop/penny-wise/node_modules/jest-runner/build/runTest.js:367:16)
    at runTest (/Users/rafaelfontes/Desktop/penny-wise/node_modules/jest-runner/build/runTest.js:444:34)
    at Object.worker (/Users/rafaelfontes/Desktop/penny-wise/node_modules/jest-runner/build/testWorker.js:106:12)</failure>
    </testcase>
    <testcase classname="Real Services Tests MarketDataService should get multiple quotes" name="Real Services Tests MarketDataService should get multiple quotes" time="0.001">
      <failure>TypeError: _marketdata.default is not a constructor
    at Object.&lt;anonymous&gt; (/Users/rafaelfontes/Desktop/penny-wise/__tests__/unit/services/real-services.test.ts:676:17)
    at Promise.then.completed (/Users/rafaelfontes/Desktop/penny-wise/node_modules/jest-circus/build/utils.js:298:28)
    at new Promise (&lt;anonymous&gt;)
    at callAsyncCircusFn (/Users/rafaelfontes/Desktop/penny-wise/node_modules/jest-circus/build/utils.js:231:10)
    at _callCircusHook (/Users/rafaelfontes/Desktop/penny-wise/node_modules/jest-circus/build/run.js:281:40)
    at _runTest (/Users/rafaelfontes/Desktop/penny-wise/node_modules/jest-circus/build/run.js:246:5)
    at _runTestsForDescribeBlock (/Users/rafaelfontes/Desktop/penny-wise/node_modules/jest-circus/build/run.js:126:9)
    at _runTestsForDescribeBlock (/Users/rafaelfontes/Desktop/penny-wise/node_modules/jest-circus/build/run.js:121:9)
    at _runTestsForDescribeBlock (/Users/rafaelfontes/Desktop/penny-wise/node_modules/jest-circus/build/run.js:121:9)
    at run (/Users/rafaelfontes/Desktop/penny-wise/node_modules/jest-circus/build/run.js:71:3)
    at runAndTransformResultsToJestFormat (/Users/rafaelfontes/Desktop/penny-wise/node_modules/jest-circus/build/legacy-code-todo-rewrite/jestAdapterInit.js:122:21)
    at jestAdapter (/Users/rafaelfontes/Desktop/penny-wise/node_modules/jest-circus/build/legacy-code-todo-rewrite/jestAdapter.js:79:19)
    at runTestInternal (/Users/rafaelfontes/Desktop/penny-wise/node_modules/jest-runner/build/runTest.js:367:16)
    at runTest (/Users/rafaelfontes/Desktop/penny-wise/node_modules/jest-runner/build/runTest.js:444:34)
    at Object.worker (/Users/rafaelfontes/Desktop/penny-wise/node_modules/jest-runner/build/testWorker.js:106:12)</failure>
    </testcase>
    <testcase classname="Real Services Tests MarketDataService should validate symbol correctly" name="Real Services Tests MarketDataService should validate symbol correctly" time="0">
      <failure>TypeError: _marketdata.default is not a constructor
    at Object.&lt;anonymous&gt; (/Users/rafaelfontes/Desktop/penny-wise/__tests__/unit/services/real-services.test.ts:676:17)
    at Promise.then.completed (/Users/rafaelfontes/Desktop/penny-wise/node_modules/jest-circus/build/utils.js:298:28)
    at new Promise (&lt;anonymous&gt;)
    at callAsyncCircusFn (/Users/rafaelfontes/Desktop/penny-wise/node_modules/jest-circus/build/utils.js:231:10)
    at _callCircusHook (/Users/rafaelfontes/Desktop/penny-wise/node_modules/jest-circus/build/run.js:281:40)
    at _runTest (/Users/rafaelfontes/Desktop/penny-wise/node_modules/jest-circus/build/run.js:246:5)
    at _runTestsForDescribeBlock (/Users/rafaelfontes/Desktop/penny-wise/node_modules/jest-circus/build/run.js:126:9)
    at _runTestsForDescribeBlock (/Users/rafaelfontes/Desktop/penny-wise/node_modules/jest-circus/build/run.js:121:9)
    at _runTestsForDescribeBlock (/Users/rafaelfontes/Desktop/penny-wise/node_modules/jest-circus/build/run.js:121:9)
    at run (/Users/rafaelfontes/Desktop/penny-wise/node_modules/jest-circus/build/run.js:71:3)
    at runAndTransformResultsToJestFormat (/Users/rafaelfontes/Desktop/penny-wise/node_modules/jest-circus/build/legacy-code-todo-rewrite/jestAdapterInit.js:122:21)
    at jestAdapter (/Users/rafaelfontes/Desktop/penny-wise/node_modules/jest-circus/build/legacy-code-todo-rewrite/jestAdapter.js:79:19)
    at runTestInternal (/Users/rafaelfontes/Desktop/penny-wise/node_modules/jest-runner/build/runTest.js:367:16)
    at runTest (/Users/rafaelfontes/Desktop/penny-wise/node_modules/jest-runner/build/runTest.js:444:34)
    at Object.worker (/Users/rafaelfontes/Desktop/penny-wise/node_modules/jest-runner/build/testWorker.js:106:12)</failure>
    </testcase>
    <testcase classname="Real Services Tests MarketDataService should get quick quote" name="Real Services Tests MarketDataService should get quick quote" time="0">
      <failure>TypeError: _marketdata.default is not a constructor
    at Object.&lt;anonymous&gt; (/Users/rafaelfontes/Desktop/penny-wise/__tests__/unit/services/real-services.test.ts:676:17)
    at Promise.then.completed (/Users/rafaelfontes/Desktop/penny-wise/node_modules/jest-circus/build/utils.js:298:28)
    at new Promise (&lt;anonymous&gt;)
    at callAsyncCircusFn (/Users/rafaelfontes/Desktop/penny-wise/node_modules/jest-circus/build/utils.js:231:10)
    at _callCircusHook (/Users/rafaelfontes/Desktop/penny-wise/node_modules/jest-circus/build/run.js:281:40)
    at _runTest (/Users/rafaelfontes/Desktop/penny-wise/node_modules/jest-circus/build/run.js:246:5)
    at _runTestsForDescribeBlock (/Users/rafaelfontes/Desktop/penny-wise/node_modules/jest-circus/build/run.js:126:9)
    at _runTestsForDescribeBlock (/Users/rafaelfontes/Desktop/penny-wise/node_modules/jest-circus/build/run.js:121:9)
    at _runTestsForDescribeBlock (/Users/rafaelfontes/Desktop/penny-wise/node_modules/jest-circus/build/run.js:121:9)
    at run (/Users/rafaelfontes/Desktop/penny-wise/node_modules/jest-circus/build/run.js:71:3)
    at runAndTransformResultsToJestFormat (/Users/rafaelfontes/Desktop/penny-wise/node_modules/jest-circus/build/legacy-code-todo-rewrite/jestAdapterInit.js:122:21)
    at jestAdapter (/Users/rafaelfontes/Desktop/penny-wise/node_modules/jest-circus/build/legacy-code-todo-rewrite/jestAdapter.js:79:19)
    at runTestInternal (/Users/rafaelfontes/Desktop/penny-wise/node_modules/jest-runner/build/runTest.js:367:16)
    at runTest (/Users/rafaelfontes/Desktop/penny-wise/node_modules/jest-runner/build/runTest.js:444:34)
    at Object.worker (/Users/rafaelfontes/Desktop/penny-wise/node_modules/jest-runner/build/testWorker.js:106:12)</failure>
    </testcase>
    <testcase classname="Real Services Tests MarketDataService should perform health check" name="Real Services Tests MarketDataService should perform health check" time="0.004">
      <failure>TypeError: _marketdata.default is not a constructor
    at Object.&lt;anonymous&gt; (/Users/rafaelfontes/Desktop/penny-wise/__tests__/unit/services/real-services.test.ts:676:17)
    at Promise.then.completed (/Users/rafaelfontes/Desktop/penny-wise/node_modules/jest-circus/build/utils.js:298:28)
    at new Promise (&lt;anonymous&gt;)
    at callAsyncCircusFn (/Users/rafaelfontes/Desktop/penny-wise/node_modules/jest-circus/build/utils.js:231:10)
    at _callCircusHook (/Users/rafaelfontes/Desktop/penny-wise/node_modules/jest-circus/build/run.js:281:40)
    at _runTest (/Users/rafaelfontes/Desktop/penny-wise/node_modules/jest-circus/build/run.js:246:5)
    at _runTestsForDescribeBlock (/Users/rafaelfontes/Desktop/penny-wise/node_modules/jest-circus/build/run.js:126:9)
    at _runTestsForDescribeBlock (/Users/rafaelfontes/Desktop/penny-wise/node_modules/jest-circus/build/run.js:121:9)
    at _runTestsForDescribeBlock (/Users/rafaelfontes/Desktop/penny-wise/node_modules/jest-circus/build/run.js:121:9)
    at run (/Users/rafaelfontes/Desktop/penny-wise/node_modules/jest-circus/build/run.js:71:3)
    at runAndTransformResultsToJestFormat (/Users/rafaelfontes/Desktop/penny-wise/node_modules/jest-circus/build/legacy-code-todo-rewrite/jestAdapterInit.js:122:21)
    at jestAdapter (/Users/rafaelfontes/Desktop/penny-wise/node_modules/jest-circus/build/legacy-code-todo-rewrite/jestAdapter.js:79:19)
    at runTestInternal (/Users/rafaelfontes/Desktop/penny-wise/node_modules/jest-runner/build/runTest.js:367:16)
    at runTest (/Users/rafaelfontes/Desktop/penny-wise/node_modules/jest-runner/build/runTest.js:444:34)
    at Object.worker (/Users/rafaelfontes/Desktop/penny-wise/node_modules/jest-runner/build/testWorker.js:106:12)</failure>
    </testcase>
    <testcase classname="Real Services Tests MarketDataService should analyze symbol" name="Real Services Tests MarketDataService should analyze symbol" time="0">
      <failure>TypeError: _marketdata.default is not a constructor
    at Object.&lt;anonymous&gt; (/Users/rafaelfontes/Desktop/penny-wise/__tests__/unit/services/real-services.test.ts:676:17)
    at Promise.then.completed (/Users/rafaelfontes/Desktop/penny-wise/node_modules/jest-circus/build/utils.js:298:28)
    at new Promise (&lt;anonymous&gt;)
    at callAsyncCircusFn (/Users/rafaelfontes/Desktop/penny-wise/node_modules/jest-circus/build/utils.js:231:10)
    at _callCircusHook (/Users/rafaelfontes/Desktop/penny-wise/node_modules/jest-circus/build/run.js:281:40)
    at _runTest (/Users/rafaelfontes/Desktop/penny-wise/node_modules/jest-circus/build/run.js:246:5)
    at _runTestsForDescribeBlock (/Users/rafaelfontes/Desktop/penny-wise/node_modules/jest-circus/build/run.js:126:9)
    at _runTestsForDescribeBlock (/Users/rafaelfontes/Desktop/penny-wise/node_modules/jest-circus/build/run.js:121:9)
    at _runTestsForDescribeBlock (/Users/rafaelfontes/Desktop/penny-wise/node_modules/jest-circus/build/run.js:121:9)
    at run (/Users/rafaelfontes/Desktop/penny-wise/node_modules/jest-circus/build/run.js:71:3)
    at runAndTransformResultsToJestFormat (/Users/rafaelfontes/Desktop/penny-wise/node_modules/jest-circus/build/legacy-code-todo-rewrite/jestAdapterInit.js:122:21)
    at jestAdapter (/Users/rafaelfontes/Desktop/penny-wise/node_modules/jest-circus/build/legacy-code-todo-rewrite/jestAdapter.js:79:19)
    at runTestInternal (/Users/rafaelfontes/Desktop/penny-wise/node_modules/jest-runner/build/runTest.js:367:16)
    at runTest (/Users/rafaelfontes/Desktop/penny-wise/node_modules/jest-runner/build/runTest.js:444:34)
    at Object.worker (/Users/rafaelfontes/Desktop/penny-wise/node_modules/jest-runner/build/testWorker.js:106:12)</failure>
    </testcase>
    <testcase classname="Real Services Tests MarketDataService should compare symbols" name="Real Services Tests MarketDataService should compare symbols" time="0">
      <failure>TypeError: _marketdata.default is not a constructor
    at Object.&lt;anonymous&gt; (/Users/rafaelfontes/Desktop/penny-wise/__tests__/unit/services/real-services.test.ts:676:17)
    at Promise.then.completed (/Users/rafaelfontes/Desktop/penny-wise/node_modules/jest-circus/build/utils.js:298:28)
    at new Promise (&lt;anonymous&gt;)
    at callAsyncCircusFn (/Users/rafaelfontes/Desktop/penny-wise/node_modules/jest-circus/build/utils.js:231:10)
    at _callCircusHook (/Users/rafaelfontes/Desktop/penny-wise/node_modules/jest-circus/build/run.js:281:40)
    at _runTest (/Users/rafaelfontes/Desktop/penny-wise/node_modules/jest-circus/build/run.js:246:5)
    at _runTestsForDescribeBlock (/Users/rafaelfontes/Desktop/penny-wise/node_modules/jest-circus/build/run.js:126:9)
    at _runTestsForDescribeBlock (/Users/rafaelfontes/Desktop/penny-wise/node_modules/jest-circus/build/run.js:121:9)
    at _runTestsForDescribeBlock (/Users/rafaelfontes/Desktop/penny-wise/node_modules/jest-circus/build/run.js:121:9)
    at run (/Users/rafaelfontes/Desktop/penny-wise/node_modules/jest-circus/build/run.js:71:3)
    at runAndTransformResultsToJestFormat (/Users/rafaelfontes/Desktop/penny-wise/node_modules/jest-circus/build/legacy-code-todo-rewrite/jestAdapterInit.js:122:21)
    at jestAdapter (/Users/rafaelfontes/Desktop/penny-wise/node_modules/jest-circus/build/legacy-code-todo-rewrite/jestAdapter.js:79:19)
    at runTestInternal (/Users/rafaelfontes/Desktop/penny-wise/node_modules/jest-runner/build/runTest.js:367:16)
    at runTest (/Users/rafaelfontes/Desktop/penny-wise/node_modules/jest-runner/build/runTest.js:444:34)
    at Object.worker (/Users/rafaelfontes/Desktop/penny-wise/node_modules/jest-runner/build/testWorker.js:106:12)</failure>
    </testcase>
    <testcase classname="Real Services Tests AlphaVantageService should get quote successfully" name="Real Services Tests AlphaVantageService should get quote successfully" time="0.003">
    </testcase>
    <testcase classname="Real Services Tests AlphaVantageService should handle API rate limiting" name="Real Services Tests AlphaVantageService should handle API rate limiting" time="0">
    </testcase>
    <testcase classname="Real Services Tests AlphaVantageService should get intraday data" name="Real Services Tests AlphaVantageService should get intraday data" time="0.001">
    </testcase>
    <testcase classname="Real Services Tests AlphaVantageService should get daily data" name="Real Services Tests AlphaVantageService should get daily data" time="0.001">
    </testcase>
    <testcase classname="Real Services Tests AlphaVantageService should search symbols" name="Real Services Tests AlphaVantageService should search symbols" time="0">
    </testcase>
    <testcase classname="Real Services Tests OplabService should authenticate successfully" name="Real Services Tests OplabService should authenticate successfully" time="0.008">
      <failure>Error: expect(received).toBe(expected) // Object.is equality

Expected: &quot;test@example.com&quot;
Received: undefined
    at Object.toBe (/Users/rafaelfontes/Desktop/penny-wise/__tests__/unit/services/real-services.test.ts:955:34)</failure>
    </testcase>
    <testcase classname="Real Services Tests OplabService should handle authentication errors" name="Real Services Tests OplabService should handle authentication errors" time="0">
    </testcase>
    <testcase classname="Real Services Tests OplabService should get stocks" name="Real Services Tests OplabService should get stocks" time="0.001">
      <failure>Error: expect(received).toHaveLength(expected)

Matcher error: received value must have a length property whose value must be a number

Received has type:  object
Received has value: {&quot;data&quot;: [{&quot;market&quot;: {&quot;close&quot;: 150.25, &quot;variation&quot;: 1.69}, &quot;name&quot;: &quot;Apple Inc.&quot;, &quot;symbol&quot;: &quot;AAPL34&quot;}], &quot;success&quot;: true}
    at Object.toHaveLength (/Users/rafaelfontes/Desktop/penny-wise/__tests__/unit/services/real-services.test.ts:992:27)</failure>
    </testcase>
    <testcase classname="Real Services Tests OplabService should get stock by symbol" name="Real Services Tests OplabService should get stock by symbol" time="0">
      <failure>Error: expect(received).toBe(expected) // Object.is equality

[...]
    </testcase>
    <testcase classname="String Utilities Tests Text Formatting should truncate long strings with ellipsis" name="String Utilities Tests Text Formatting should truncate long strings with ellipsis" time="0">
    </testcase>
    <testcase classname="String Utilities Tests String Validation should validate stock symbols" name="String Utilities Tests String Validation should validate stock symbols" time="0">
    </testcase>
    <testcase classname="String Utilities Tests String Validation should validate Brazilian stock symbols" name="String Utilities Tests String Validation should validate Brazilian stock symbols" time="0.001">
    </testcase>
    <testcase classname="String Utilities Tests String Validation should validate email addresses" name="String Utilities Tests String Validation should validate email addresses" time="0">
    </testcase>
    <testcase classname="String Utilities Tests String Validation should validate phone numbers" name="String Utilities Tests String Validation should validate phone numbers" time="0">
    </testcase>
    <testcase classname="String Utilities Tests String Validation should validate URLs" name="String Utilities Tests String Validation should validate URLs" time="0.004">
    </testcase>
    <testcase classname="String Utilities Tests String Parsing and Extraction should extract stock symbols from text" name="String Utilities Tests String Parsing and Extraction should extract stock symbols from text" time="0.001">
    </testcase>
    <testcase classname="String Utilities Tests String Parsing and Extraction should extract numbers from text" name="String Utilities Tests String Parsing and Extraction should extract numbers from text" time="0">
    </testcase>
    <testcase classname="String Utilities Tests String Parsing and Extraction should extract currency amounts" name="String Utilities Tests String Parsing and Extraction should extract currency amounts" time="0.001">
    </testcase>
    <testcase classname="String Utilities Tests String Parsing and Extraction should parse CSV strings" name="String Utilities Tests String Parsing and Extraction should parse CSV strings" time="0.001">
    </testcase>
    <testcase classname="String Utilities Tests String Sanitization and Security should sanitize HTML content" name="String Utilities Tests String Sanitization and Security should sanitize HTML content" time="0">
    </testcase>
    <testcase classname="String Utilities Tests String Sanitization and Security should prevent SQL injection" name="String Utilities Tests String Sanitization and Security should prevent SQL injection" time="0.004">
    </testcase>
    <testcase classname="String Utilities Tests String Sanitization and Security should sanitize log messages" name="String Utilities Tests String Sanitization and Security should sanitize log messages" time="0">
    </testcase>
    <testcase classname="String Utilities Tests String Sanitization and Security should sanitize file names" name="String Utilities Tests String Sanitization and Security should sanitize file names" time="0">
    </testcase>
    <testcase classname="String Utilities Tests String Comparison and Similarity should calculate Levenshtein distance" name="String Utilities Tests String Comparison and Similarity should calculate Levenshtein distance" time="0">
    </testcase>
    <testcase classname="String Utilities Tests String Comparison and Similarity should calculate string similarity" name="String Utilities Tests String Comparison and Similarity should calculate string similarity" time="0.001">
    </testcase>
    <testcase classname="String Utilities Tests String Templating and Formatting should interpolate template strings" name="String Utilities Tests String Templating and Formatting should interpolate template strings" time="0">
    </testcase>
    <testcase classname="String Utilities Tests String Templating and Formatting should format conditional strings" name="String Utilities Tests String Templating and Formatting should format conditional strings" time="0">
    </testcase>
    <testcase classname="String Utilities Tests String Encoding and Decoding should encode and decode base64" name="String Utilities Tests String Encoding and Decoding should encode and decode base64" time="0">
      <failure>ReferenceError: TextEncoder is not defined
    at base64Encode (/Users/rafaelfontes/Desktop/penny-wise/src/lib/utils/string-utilities.ts:272:21)
    at Object.&lt;anonymous&gt; (/Users/rafaelfontes/Desktop/penny-wise/__tests__/unit/utils/string-utilities-working.test.ts:245:35)
    at Promise.then.completed (/Users/rafaelfontes/Desktop/penny-wise/node_modules/jest-circus/build/utils.js:298:28)
    at new Promise (&lt;anonymous&gt;)
    at callAsyncCircusFn (/Users/rafaelfontes/Desktop/penny-wise/node_modules/jest-circus/build/utils.js:231:10)
    at _callCircusTest (/Users/rafaelfontes/Desktop/penny-wise/node_modules/jest-circus/build/run.js:316:40)
    at processTicksAndRejections (node:internal/process/task_queues:105:5)
    at _runTest (/Users/rafaelfontes/Desktop/penny-wise/node_modules/jest-circus/build/run.js:252:3)
    at _runTestsForDescribeBlock (/Users/rafaelfontes/Desktop/penny-wise/node_modules/jest-circus/build/run.js:126:9)
    at _runTestsForDescribeBlock (/Users/rafaelfontes/Desktop/penny-wise/node_modules/jest-circus/build/run.js:121:9)
    at _runTestsForDescribeBlock (/Users/rafaelfontes/Desktop/penny-wise/node_modules/jest-circus/build/run.js:121:9)
    at run (/Users/rafaelfontes/Desktop/penny-wise/node_modules/jest-circus/build/run.js:71:3)
    at runAndTransformResultsToJestFormat (/Users/rafaelfontes/Desktop/penny-wise/node_modules/jest-circus/build/legacy-code-todo-rewrite/jestAdapterInit.js:122:21)
    at jestAdapter (/Users/rafaelfontes/Desktop/penny-wise/node_modules/jest-circus/build/legacy-code-todo-rewrite/jestAdapter.js:79:19)
    at runTestInternal (/Users/rafaelfontes/Desktop/penny-wise/node_modules/jest-runner/build/runTest.js:367:16)
    at runTest (/Users/rafaelfontes/Desktop/penny-wise/node_modules/jest-runner/build/runTest.js:444:34)
    at Object.worker (/Users/rafaelfontes/Desktop/penny-wise/node_modules/jest-runner/build/testWorker.js:106:12)</failure>
    </testcase>
    <testcase classname="String Utilities Tests String Encoding and Decoding should encode and decode URLs" name="String Utilities Tests String Encoding and Decoding should encode and decode URLs" time="0.001">
    </testcase>
    <testcase classname="String Utilities Tests String Encoding and Decoding should escape JSON strings" name="String Utilities Tests String Encoding and Decoding should escape JSON strings" time="0">
    </testcase>
  </testsuite>
  <testsuite name="Utils Library" errors="0" failures="0" skipped="0" timestamp="2025-06-15T22:06:14" time="0.082" tests="18">
    <testcase classname="Utils Library cn function should combine class names correctly" name="Utils Library cn function should combine class names correctly" time="0.003">
    </testcase>
    <testcase classname="Utils Library cn function should handle conditional classes" name="Utils Library cn function should handle conditional classes" time="0">
    </testcase>
    <testcase classname="Utils Library cn function should handle object-style classes" name="Utils Library cn function should handle object-style classes" time="0">
    </testcase>
    <testcase classname="Utils Library cn function should handle arrays of classes" name="Utils Library cn function should handle arrays of classes" time="0.001">
    </testcase>
    <testcase classname="Utils Library cn function should handle empty inputs" name="Utils Library cn function should handle empty inputs" time="0">
    </testcase>
    <testcase classname="Utils Library cn function should merge Tailwind classes correctly" name="Utils Library cn function should merge Tailwind classes correctly" time="0">
    </testcase>
    <testcase classname="Utils Library cn function should handle complex combinations" name="Utils Library cn function should handle complex combinations" time="0.001">
    </testcase>
    <testcase classname="Utils Library cn function should handle Tailwind responsive classes" name="Utils Library cn function should handle Tailwind responsive classes" time="0">
    </testcase>
    <testcase classname="Utils Library cn function should handle Tailwind state variants" name="Utils Library cn function should handle Tailwind state variants" time="0">
    </testcase>
    <testcase classname="Utils Library cn function should handle dark mode classes" name="Utils Library cn function should handle dark mode classes" time="0">
    </testcase>
    <testcase classname="Utils Library cn function should merge conflicting Tailwind utilities" name="Utils Library cn function should merge conflicting Tailwind utilities" time="0">
    </testcase>
    <testcase classname="Utils Library cn function should preserve non-conflicting classes" name="Utils Library cn function should preserve non-conflicting classes" time="0.001">
    </testcase>
    <testcase classname="Utils Library cn function should handle complex Tailwind class merging" name="Utils Library cn function should handle complex Tailwind class merging" time="0.001">
    </testcase>
    <testcase classname="Utils Library cn function should handle arbitrary value classes" name="Utils Library cn function should handle arbitrary value classes" time="0">
    </testcase>
    <testcase classname="Utils Library cn function should handle important modifier" name="Utils Library cn function should handle important modifier" time="0">
    </testcase>
    <testcase classname="Utils Library cn function should handle negative values" name="Utils Library cn function should handle negative values" time="0">
    </testcase>
    <testcase classname="Utils Library cn function should handle fraction values" name="Utils Library cn function should handle fraction values" time="0.001">
    </testcase>
    <testcase classname="Utils Library cn function should handle decimal values" name="Utils Library cn function should handle decimal values" time="0">
    </testcase>
  </testsuite>
  <testsuite name="Database Operations" errors="0" failures="0" skipped="0" timestamp="2025-06-15T22:06:14" time="0.072" tests="1">
    <testcase classname="Database Operations should handle Supabase queries" name="Database Operations should handle Supabase queries" time="0.001">
    </testcase>
  </testsuite>
  <testsuite name="Business Calculations" errors="0" failures="0" skipped="0" timestamp="2025-06-15T22:06:14" time="0.125" tests="1">
    <testcase classname="Business Calculations should calculate percentage change" name="Business Calculations should calculate percentage change" time="0">
    </testcase>
  </testsuite>
  <testsuite name="Market Data Service Tests" errors="0" failures="0" skipped="0" timestamp="2025-06-15T22:06:14" time="0.093" tests="1">
    <testcase classname="Market Data Service Tests should fetch market data" name="Market Data Service Tests should fetch market data" time="0">
    </testcase>
  </testsuite>
  <testsuite name="Dashboard Components Tests" errors="0" failures="0" skipped="0" timestamp="2025-06-15T22:06:14" time="0.064" tests="1">
    <testcase classname="Dashboard Components Tests should render dashboard" name="Dashboard Components Tests should render dashboard" time="0">
    </testcase>
  </testsuite>
  <testsuite name="Notifications API Tests" errors="0" failures="0" skipped="0" timestamp="2025-06-15T22:06:14" time="0.074" tests="1">
    <testcase classname="Notifications API Tests should handle CRUD operations" name="Notifications API Tests should handle CRUD operations" time="0.001">
    </testcase>
  </testsuite>
  <testsuite name="Chart Components Tests" errors="0" failures="0" skipped="0" timestamp="2025-06-15T22:06:14" time="0.092" tests="1">
    <testcase classname="Chart Components Tests should render charts" name="Chart Components Tests should render charts" time="0">
    </testcase>
  </testsuite>
  <testsuite name="Financial Calculations Tests - Fixed" errors="0" failures="1" skipped="0" timestamp="2025-06-15T22:06:14" time="0.144" tests="23">
    <testcase classname="Financial Calculations Tests - Fixed Percentage Calculations should calculate percentage change correctly" name="Financial Calculations Tests - Fixed Percentage Calculations should calculate percentage change correctly" time="0.001">
    </testcase>
    <testcase classname="Financial Calculations Tests - Fixed Percentage Calculations should calculate compound annual growth rate (CAGR)" name="Financial Calculations Tests - Fixed Percentage Calculations should calculate compound annual growth rate (CAGR)" time="0">
    </testcase>
    <testcase classname="Financial Calculations Tests - Fixed Percentage Calculations should calculate return on investment (ROI)" name="Financial Calculations Tests - Fixed Percentage Calculations should calculate return on investment (ROI)" time="0">
    </testcase>
    <testcase classname="Financial Calculations Tests - Fixed Moving Averages should calculate simple moving average" name="Financial Calculations Tests - Fixed Moving Averages should calculate simple moving average" time="0">
    </testcase>
    <testcase classname="Financial Calculations Tests - Fixed Moving Averages should calculate exponential moving average" name="Financial Calculations Tests - Fixed Moving Averages should calculate exponential moving average" time="0.001">
    </testcase>
    <testcase classname="Financial Calculations Tests - Fixed Volatility Calculations should calculate standard deviation" name="Financial Calculations Tests - Fixed Volatility Calculations should calculate standard deviation" time="0">
    </testcase>
    <testcase classname="Financial Calculations Tests - Fixed Risk Metrics should calculate Sharpe ratio" name="Financial Calculations Tests - Fixed Risk Metrics should calculate Sharpe ratio" time="0">
      <failure>Error: expect(received).toBeCloseTo(expected, precision)

Expected: 2.07
Received: 2.17

Expected precision:    1
Expected difference: &lt; 0.05
Received difference:   0.10000000000000009
    at Object.toBeCloseTo (/Users/rafaelfontes/Desktop/penny-wise/__tests__/unit/utils/financial-calculations-fixed.test.ts:88:27)
    at Promise.then.completed (/Users/rafaelfontes/Desktop/penny-wise/node_modules/jest-circus/build/utils.js:298:28)
    at new Promise (&lt;anonymous&gt;)
    at callAsyncCircusFn (/Users/rafaelfontes/Desktop/penny-wise/node_modules/jest-circus/build/utils.js:231:10)
    at _callCircusTest (/Users/rafaelfontes/Desktop/penny-wise/node_modules/jest-circus/build/run.js:316:40)
    at processTicksAndRejections (node:internal/process/task_queues:105:5)
    at _runTest (/Users/rafaelfontes/Desktop/penny-wise/node_modules/jest-circus/build/run.js:252:3)
    at _runTestsForDescribeBlock (/Users/rafaelfontes/Desktop/penny-wise/node_modules/jest-circus/build/run.js:126:9)
    at _runTestsForDescribeBlock (/Users/rafaelfontes/Desktop/penny-wise/node_modules/jest-circus/build/run.js:121:9)
    at _runTestsForDescribeBlock (/Users/rafaelfontes/Desktop/penny-wise/node_modules/jest-circus/build/run.js:121:9)
    at run (/Users/rafaelfontes/Desktop/penny-wise/node_modules/jest-circus/build/run.js:71:3)
    at runAndTransformResultsToJestFormat (/Users/rafaelfontes/Desktop/penny-wise/node_modules/jest-circus/build/legacy-code-todo-rewrite/jestAdapterInit.js:122:21)
    at jestAdapter (/Users/rafaelfontes/Desktop/penny-wise/node_modules/jest-circus/build/legacy-code-todo-rewrite/jestAdapter.js:79:19)
    at runTestInternal (/Users/rafaelfontes/Desktop/penny-wise/node_modules/jest-runner/build/runTest.js:367:16)
    at runTest (/Users/rafaelfontes/Desktop/penny-wise/node_modules/jest-runner/build/runTest.js:444:34)
    at Object.worker (/Users/rafaelfontes/Desktop/penny-wise/node_modules/jest-runner/build/testWorker.js:106:12)</failure>
    </testcase>
    <testcase classname="Financial Calculations Tests - Fixed Risk Metrics should calculate maximum drawdown" name="Financial Calculations Tests - Fixed Risk Metrics should calculate maximum drawdown" time="0.001">
    </testcase>
    <testcase classname="Financial Calculations Tests - Fixed Risk Metrics should calculate Value at Risk (VaR)" name="Financial Calculations Tests - Fixed Risk Metrics should calculate Value at Risk (VaR)" time="0">
    </testcase>
    <testcase classname="Financial Calculations Tests - Fixed Technical Indicators should calculate Relative Strength Index (RSI)" name="Financial Calculations Tests - Fixed Technical Indicators should calculate Relative Strength Index (RSI)" time="0">
    </testcase>
    <testcase classname="Financial Calculations Tests - Fixed Technical Indicators should calculate Bollinger Bands" name="Financial Calculations Tests - Fixed Technical Indicators should calculate Bollinger Bands" time="0.005">
    </testcase>
    <testcase classname="Financial Calculations Tests - Fixed Portfolio Calculations should calculate portfolio weights" name="Financial Calculations Tests - Fixed Portfolio Calculations should calculate portfolio weights" time="0">
    </testcase>
    <testcase classname="Financial Calculations Tests - Fixed Portfolio Calculations should calculate portfolio beta" name="Financial Calculations Tests - Fixed Portfolio Calculations should calculate portfolio beta" time="0.001">
    </testcase>
    <testcase classname="Financial Calculations Tests - Fixed Portfolio Calculations should calculate correlation" name="Financial Calculations Tests - Fixed Portfolio Calculations should calculate correlation" time="0">
    </testcase>
    <testcase classname="Financial Calculations Tests - Fixed Formatting Functions should format currency correctly" name="Financial Calculations Tests - Fixed Formatting Functions should format currency correctly" time="0.014">
    </testcase>
    <testcase classname="Financial Calculations Tests - Fixed Formatting Functions should format percentage correctly" name="Financial Calculations Tests - Fixed Formatting Functions should format percentage correctly" time="0">
    </testcase>
    <testcase classname="Financial Calculations Tests - Fixed Formatting Functions should format numbers correctly" name="Financial Calculations Tests - Fixed Formatting Functions should format numbers correctly" time="0.001">
    </testcase>
    <testcase classname="Financial Calculations Tests - Fixed Date and Time Utilities should check if market is open" name="Financial Calculations Tests - Fixed Date and Time Utilities should check if market is open" time="0">
    </testcase>
    <testcase classname="Financial Calculations Tests - Fixed Date and Time Utilities should calculate business days between dates" name="Financial Calculations Tests - Fixed Date and Time Utilities should calculate business days between dates" time="0">
    </testcase>
    <testcase classname="Financial Calculations Tests - Fixed Date and Time Utilities should get market hours" name="Financial Calculations Tests - Fixed Date and Time Utilities should get market hours" time="0.001">
    </testcase>
    <testcase classname="Financial Calculations Tests - Fixed Edge Cases and Error Handling should handle empty arrays" name="Financial Calculations Tests - Fixed Edge Cases and Error Handling should handle empty arrays" time="0">
    </testcase>
    <testcase classname="Financial Calculations Tests - Fixed Edge Cases and Error Handling should handle invalid inputs" name="Financial Calculations Tests - Fixed Edge Cases and Error Handling should handle invalid inputs" time="0">
    </testcase>
    <testcase classname="Financial Calculations Tests - Fixed Edge Cases and Error Handling should handle single value arrays" name="Financial Calculations Tests - Fixed Edge Cases and Error Handling should handle single value arrays" time="0">
    </testcase>
  </testsuite>
</testsuites>